2025-09-29 17:10:21,803 - INFO - Получен запрос для серийного номера: RC-102-011242
2025-09-29 17:10:22,499 - INFO - All data for RC-102-011242: found 22 fields
2025-09-29 17:10:22,581 - INFO - Найдено устройство RC-102-011242
2025-09-29 17:10:44,528 - INFO - Получен запрос для серийного номера: RC-102-011242
2025-09-29 17:10:45,205 - INFO - All data for RC-102-011242: found 22 fields
2025-09-29 17:10:45,288 - INFO - Найдено устройство RC-102-011242
2025-09-29 17:11:23,298 - INFO - Получен запрос для серийного номера: RC-102-011242
2025-09-29 17:11:24,086 - INFO - All data for RC-102-011242: found 22 fields
2025-09-29 17:11:24,182 - INFO - Найдено устройство RC-102-011242
2025-09-29 17:11:36,173 - INFO - Получен запрос для серийного номера: RC-102-011242
2025-09-29 17:11:36,895 - INFO - All data for RC-102-011242: found 22 fields
2025-09-29 17:11:36,990 - INFO - Найдено устройство RC-102-011242
2025-09-29 17:11:38,209 - INFO - Получен запрос для серийного номера: RC-102-011242
2025-09-29 17:11:38,814 - INFO - All data for RC-102-011242: found 22 fields
2025-09-29 17:11:38,892 - INFO - Найдено устройство RC-102-011242
2025-09-29 17:11:40,185 - INFO - Получен запрос для серийного номера: RC-102-011242
2025-09-29 17:11:40,863 - INFO - All data for RC-102-011242: found 22 fields
2025-09-29 17:11:40,951 - INFO - Найдено устройство RC-102-011242
2025-09-29 17:11:42,191 - INFO - Получен запрос для серийного номера: RC-102-011242
2025-09-29 17:11:42,823 - INFO - All data for RC-102-011242: found 22 fields
2025-09-29 17:11:42,904 - INFO - Найдено устройство RC-102-011242
2025-09-29 17:11:43,988 - INFO - Получен запрос для серийного номера: RC-102-011242
2025-09-29 17:11:44,624 - INFO - All data for RC-102-011242: found 22 fields
2025-09-29 17:11:44,706 - INFO - Найдено устройство RC-102-011242
2025-09-29 17:11:46,172 - INFO - Получен запрос для серийного номера: RC-102-011242
2025-09-29 17:11:46,774 - INFO - All data for RC-102-011242: found 22 fields
2025-09-29 17:11:46,851 - INFO - Найдено устройство RC-102-011242
2025-09-29 17:11:48,006 - INFO - Получен запрос для серийного номера: RC-102-011242
2025-09-29 17:11:48,668 - INFO - All data for RC-102-011242: found 22 fields
2025-09-29 17:11:48,753 - INFO - Найдено устройство RC-102-011242
2025-09-29 17:11:50,002 - INFO - Получен запрос для серийного номера: RC-102-011242
2025-09-29 17:11:50,730 - INFO - All data for RC-102-011242: found 22 fields
2025-09-29 17:11:50,826 - INFO - Найдено устройство RC-102-011242
2025-09-29 17:11:51,987 - INFO - Получен запрос для серийного номера: RC-102-011242
2025-09-29 17:11:52,580 - INFO - All data for RC-102-011242: found 22 fields
2025-09-29 17:11:52,657 - INFO - Найдено устройство RC-102-011242
2025-09-29 17:11:53,986 - INFO - Получен запрос для серийного номера: RC-102-011242
2025-09-29 17:11:54,680 - INFO - All data for RC-102-011242: found 22 fields
2025-09-29 17:11:54,761 - INFO - Найдено устройство RC-102-011242
2025-09-29 17:11:56,011 - INFO - Получен запрос для серийного номера: RC-102-011242
2025-09-29 17:11:56,646 - INFO - All data for RC-102-011242: found 22 fields
2025-09-29 17:11:56,729 - INFO - Найдено устройство RC-102-011242
2025-09-29 17:11:58,006 - INFO - Получен запрос для серийного номера: RC-102-011242
2025-09-29 17:11:58,644 - INFO - All data for RC-102-011242: found 22 fields
2025-09-29 17:11:58,726 - INFO - Найдено устройство RC-102-011242
2025-09-29 17:12:00,012 - INFO - Получен запрос для серийного номера: RC-102-011242
2025-09-29 17:12:00,620 - INFO - All data for RC-102-011242: found 22 fields
2025-09-29 17:12:00,698 - INFO - Найдено устройство RC-102-011242
2025-09-29 17:12:01,997 - INFO - Получен запрос для серийного номера: RC-102-011242
2025-09-29 17:12:02,727 - INFO - All data for RC-102-011242: found 22 fields
2025-09-29 17:12:02,822 - INFO - Найдено устройство RC-102-011242
2025-09-29 17:12:03,992 - INFO - Получен запрос для серийного номера: RC-102-011242
2025-09-29 17:12:04,629 - INFO - All data for RC-102-011242: found 22 fields
2025-09-29 17:12:04,712 - INFO - Найдено устройство RC-102-011242
2025-09-29 17:12:06,013 - INFO - Получен запрос для серийного номера: RC-102-011242
2025-09-29 17:12:06,605 - INFO - All data for RC-102-011242: found 22 fields
2025-09-29 17:12:06,682 - INFO - Найдено устройство RC-102-011242
2025-09-29 17:12:08,004 - INFO - Получен запрос для серийного номера: RC-102-011242
2025-09-29 17:12:08,664 - INFO - All data for RC-102-011242: found 22 fields
2025-09-29 17:12:08,750 - INFO - Найдено устройство RC-102-011242
2025-09-29 17:12:09,990 - INFO - Получен запрос для серийного номера: RC-102-011242
2025-09-29 17:12:10,651 - INFO - All data for RC-102-011242: found 22 fields
2025-09-29 17:12:10,737 - INFO - Найдено устройство RC-102-011242
2025-09-29 17:12:11,990 - INFO - Получен запрос для серийного номера: RC-102-011242
2025-09-29 17:12:12,618 - INFO - All data for RC-102-011242: found 22 fields
2025-09-29 17:12:12,699 - INFO - Найдено устройство RC-102-011242
2025-09-29 17:12:14,017 - INFO - Получен запрос для серийного номера: RC-102-011242
2025-09-29 17:12:14,622 - INFO - All data for RC-102-011242: found 22 fields
2025-09-29 17:12:14,700 - INFO - Найдено устройство RC-102-011242
2025-09-29 17:12:16,014 - INFO - Получен запрос для серийного номера: RC-102-011242
2025-09-29 17:12:16,622 - INFO - All data for RC-102-011242: found 22 fields
2025-09-29 17:12:16,700 - INFO - Найдено устройство RC-102-011242
2025-09-29 17:12:17,990 - INFO - Получен запрос для серийного номера: RC-102-011242
2025-09-29 17:12:18,625 - INFO - All data for RC-102-011242: found 22 fields
2025-09-29 17:12:18,707 - INFO - Найдено устройство RC-102-011242
2025-09-29 17:12:20,009 - INFO - Получен запрос для серийного номера: RC-102-011242
2025-09-29 17:12:20,669 - INFO - All data for RC-102-011242: found 22 fields
2025-09-29 17:12:20,755 - INFO - Найдено устройство RC-102-011242
2025-09-29 17:12:21,998 - INFO - Получен запрос для серийного номера: RC-102-011242
2025-09-29 17:12:22,635 - INFO - All data for RC-102-011242: found 22 fields
2025-09-29 17:12:22,718 - INFO - Найдено устройство RC-102-011242
2025-09-29 17:12:24,047 - INFO - Получен запрос для серийного номера: RC-102-011242
2025-09-29 17:12:24,854 - INFO - All data for RC-102-011242: found 22 fields
2025-09-29 17:12:24,943 - INFO - Найдено устройство RC-102-011242
2025-09-29 17:12:25,991 - INFO - Получен запрос для серийного номера: RC-102-011242
2025-09-29 17:12:26,742 - INFO - All data for RC-102-011242: found 22 fields
2025-09-29 17:12:26,832 - INFO - Найдено устройство RC-102-011242
2025-09-29 17:12:28,002 - INFO - Получен запрос для серийного номера: RC-102-011242
2025-09-29 17:12:28,660 - INFO - All data for RC-102-011242: found 22 fields
2025-09-29 17:12:28,746 - INFO - Найдено устройство RC-102-011242
2025-09-29 17:12:30,011 - INFO - Получен запрос для серийного номера: RC-102-011242
2025-09-29 17:12:30,677 - INFO - All data for RC-102-011242: found 22 fields
2025-09-29 17:12:30,763 - INFO - Найдено устройство RC-102-011242
2025-09-29 17:12:32,015 - INFO - Получен запрос для серийного номера: RC-102-011242
2025-09-29 17:12:32,740 - INFO - All data for RC-102-011242: found 22 fields
2025-09-29 17:12:32,836 - INFO - Найдено устройство RC-102-011242
2025-09-29 17:12:34,214 - INFO - Получен запрос для серийного номера: RC-102-011242
2025-09-29 17:12:34,842 - INFO - All data for RC-102-011242: found 22 fields
2025-09-29 17:12:34,924 - INFO - Найдено устройство RC-102-011242
2025-09-29 17:12:35,998 - INFO - Получен запрос для серийного номера: RC-102-011242
2025-09-29 17:12:36,604 - INFO - All data for RC-102-011242: found 22 fields
2025-09-29 17:12:36,682 - INFO - Найдено устройство RC-102-011242
2025-09-29 17:12:38,011 - INFO - Получен запрос для серийного номера: RC-102-011242
2025-09-29 17:12:38,671 - INFO - All data for RC-102-011242: found 22 fields
2025-09-29 17:12:38,757 - INFO - Найдено устройство RC-102-011242
2025-09-29 17:12:39,981 - INFO - Получен запрос для серийного номера: RC-102-011242
2025-09-29 17:12:40,619 - INFO - All data for RC-102-011242: found 22 fields
2025-09-29 17:12:40,702 - INFO - Найдено устройство RC-102-011242
2025-09-29 17:12:41,989 - INFO - Получен запрос для серийного номера: RC-102-011242
2025-09-29 17:12:42,675 - INFO - All data for RC-102-011242: found 22 fields
2025-09-29 17:12:42,763 - INFO - Найдено устройство RC-102-011242
2025-09-29 17:12:44,206 - INFO - Получен запрос для серийного номера: RC-102-011242
2025-09-29 17:12:44,841 - INFO - All data for RC-102-011242: found 22 fields
2025-09-29 17:12:44,924 - INFO - Найдено устройство RC-102-011242
2025-09-29 17:12:45,995 - INFO - Получен запрос для серийного номера: RC-102-011242
2025-09-29 17:12:46,653 - INFO - All data for RC-102-011242: found 22 fields
2025-09-29 17:12:46,739 - INFO - Найдено устройство RC-102-011242
2025-09-29 17:12:47,990 - INFO - Получен запрос для серийного номера: RC-102-011242
2025-09-29 17:12:48,671 - INFO - All data for RC-102-011242: found 22 fields
2025-09-29 17:12:48,760 - INFO - Найдено устройство RC-102-011242
2025-09-29 17:12:49,982 - INFO - Получен запрос для серийного номера: RC-102-011242
2025-09-29 17:12:50,590 - INFO - All data for RC-102-011242: found 22 fields
2025-09-29 17:12:50,668 - INFO - Найдено устройство RC-102-011242
2025-09-29 17:12:52,018 - INFO - Получен запрос для серийного номера: RC-102-011242
2025-09-29 17:12:52,622 - INFO - All data for RC-102-011242: found 22 fields
2025-09-29 17:12:52,699 - INFO - Найдено устройство RC-102-011242
2025-09-29 17:12:54,037 - INFO - Получен запрос для серийного номера: RC-102-011242
2025-09-29 17:12:54,644 - INFO - All data for RC-102-011242: found 22 fields
2025-09-29 17:12:54,722 - INFO - Найдено устройство RC-102-011242
2025-09-29 17:12:56,007 - INFO - Получен запрос для серийного номера: RC-102-011242
2025-09-29 17:12:56,663 - INFO - All data for RC-102-011242: found 22 fields
2025-09-29 17:12:56,749 - INFO - Найдено устройство RC-102-011242
2025-09-29 17:12:58,031 - INFO - Получен запрос для серийного номера: RC-102-011242
2025-09-29 17:12:58,776 - INFO - All data for RC-102-011242: found 22 fields
2025-09-29 17:12:58,865 - INFO - Найдено устройство RC-102-011242
2025-09-29 17:12:59,984 - INFO - Получен запрос для серийного номера: RC-102-011242
2025-09-29 17:13:00,589 - INFO - All data for RC-102-011242: found 22 fields
2025-09-29 17:13:00,667 - INFO - Найдено устройство RC-102-011242
2025-09-29 17:13:01,993 - INFO - Получен запрос для серийного номера: RC-102-011242
2025-09-29 17:13:02,655 - INFO - All data for RC-102-011242: found 22 fields
2025-09-29 17:13:02,741 - INFO - Найдено устройство RC-102-011242
2025-09-29 17:13:04,008 - INFO - Получен запрос для серийного номера: RC-102-011242
2025-09-29 17:13:04,643 - INFO - All data for RC-102-011242: found 22 fields
2025-09-29 17:13:04,725 - INFO - Найдено устройство RC-102-011242
2025-09-29 17:13:51,686 - INFO - Получен запрос для серийного номера: RC-102-011242
2025-09-29 17:13:52,381 - INFO - All data for RC-102-011242: found 22 fields
2025-09-29 17:13:52,462 - INFO - Найдено устройство RC-102-011242
2025-09-29 17:14:52,001 - INFO - Получен запрос для серийного номера: RC-102-011242
2025-09-29 17:14:52,660 - INFO - All data for RC-102-011242: found 22 fields
2025-09-29 17:14:52,737 - INFO - Найдено устройство RC-102-011242
2025-09-29 17:15:51,689 - INFO - Получен запрос для серийного номера: RC-102-011242
2025-09-29 17:15:52,344 - INFO - All data for RC-102-011242: found 22 fields
2025-09-29 17:15:52,420 - INFO - Найдено устройство RC-102-011242
2025-09-29 17:16:51,693 - INFO - Получен запрос для серийного номера: RC-102-011242
2025-09-29 17:16:52,458 - INFO - All data for RC-102-011242: found 22 fields
2025-09-29 17:16:52,550 - INFO - Найдено устройство RC-102-011242
2025-09-29 17:17:29,110 - INFO - Получен запрос для серийного номера: RC-102-011242
2025-09-29 17:17:29,980 - INFO - All data for RC-102-011242: found 22 fields
2025-09-29 17:17:30,070 - INFO - Найдено устройство RC-102-011242
2025-09-29 17:17:31,020 - INFO - Получен запрос для серийного номера: RC-102-011242
2025-09-29 17:17:31,705 - INFO - All data for RC-102-011242: found 22 fields
2025-09-29 17:17:31,794 - INFO - Найдено устройство RC-102-011242
2025-09-29 17:17:32,402 - INFO - Получен запрос для серийного номера: RC-102-011242
2025-09-29 17:17:32,998 - INFO - All data for RC-102-011242: found 22 fields
2025-09-29 17:17:33,075 - INFO - Найдено устройство RC-102-011242
2025-09-29 17:17:44,785 - INFO - Получен запрос для серийного номера: RC-102-011242
2025-09-29 17:17:45,489 - INFO - All data for RC-102-011242: found 22 fields
2025-09-29 17:17:45,580 - INFO - Найдено устройство RC-102-011242
2025-09-29 17:17:46,780 - INFO - Получен запрос для серийного номера: RC-102-011242
2025-09-29 17:17:47,479 - INFO - All data for RC-102-011242: found 22 fields
2025-09-29 17:17:47,571 - INFO - Найдено устройство RC-102-011242
2025-09-29 17:17:48,757 - INFO - Получен запрос для серийного номера: RC-102-011242
2025-09-29 17:17:49,458 - INFO - All data for RC-102-011242: found 22 fields
2025-09-29 17:17:49,549 - INFO - Найдено устройство RC-102-011242
2025-09-29 17:17:51,713 - INFO - Получен запрос для серийного номера: RC-102-011242
2025-09-29 17:17:52,477 - INFO - All data for RC-102-011242: found 22 fields
2025-09-29 17:17:52,568 - INFO - Найдено устройство RC-102-011242
2025-09-29 17:17:54,007 - INFO - Получен запрос для серийного номера: RC-102-011242
2025-09-29 17:17:54,606 - INFO - All data for RC-102-011242: found 22 fields
2025-09-29 17:17:54,683 - INFO - Найдено устройство RC-102-011242
2025-09-29 17:17:56,017 - INFO - Получен запрос для серийного номера: RC-102-011242
2025-09-29 17:17:56,706 - INFO - All data for RC-102-011242: found 22 fields
2025-09-29 17:17:56,796 - INFO - Найдено устройство RC-102-011242
2025-09-29 17:17:58,006 - INFO - Получен запрос для серийного номера: RC-102-011242
2025-09-29 17:17:58,607 - INFO - All data for RC-102-011242: found 22 fields
2025-09-29 17:17:58,685 - INFO - Найдено устройство RC-102-011242
2025-09-29 17:18:00,019 - INFO - Получен запрос для серийного номера: RC-102-011242
2025-09-29 17:18:00,678 - INFO - All data for RC-102-011242: found 22 fields
2025-09-29 17:18:00,755 - INFO - Найдено устройство RC-102-011242
2025-09-29 17:18:02,003 - INFO - Получен запрос для серийного номера: RC-102-011242
2025-09-29 17:18:02,599 - INFO - All data for RC-102-011242: found 22 fields
2025-09-29 17:18:02,676 - INFO - Найдено устройство RC-102-011242
2025-09-29 17:18:04,018 - INFO - Получен запрос для серийного номера: RC-102-011242
2025-09-29 17:18:04,702 - INFO - All data for RC-102-011242: found 22 fields
2025-09-29 17:18:04,792 - INFO - Найдено устройство RC-102-011242
2025-09-29 17:18:06,011 - INFO - Получен запрос для серийного номера: RC-102-011242
2025-09-29 17:18:06,604 - INFO - All data for RC-102-011242: found 22 fields
2025-09-29 17:18:06,680 - INFO - Найдено устройство RC-102-011242
2025-09-29 17:18:08,033 - INFO - Получен запрос для серийного номера: RC-102-011242
2025-09-29 17:18:08,710 - INFO - All data for RC-102-011242: found 22 fields
2025-09-29 17:18:08,798 - INFO - Найдено устройство RC-102-011242
2025-09-29 17:18:09,996 - INFO - Получен запрос для серийного номера: RC-102-011242
2025-09-29 17:18:10,688 - INFO - All data for RC-102-011242: found 22 fields
2025-09-29 17:18:10,778 - INFO - Найдено устройство RC-102-011242
2025-09-29 17:18:12,004 - INFO - Получен запрос для серийного номера: RC-102-011242
2025-09-29 17:18:12,602 - INFO - All data for RC-102-011242: found 22 fields
2025-09-29 17:18:12,679 - INFO - Найдено устройство RC-102-011242
2025-09-29 17:18:14,025 - INFO - Получен запрос для серийного номера: RC-102-011242
2025-09-29 17:18:14,728 - INFO - All data for RC-102-011242: found 22 fields
2025-09-29 17:18:14,820 - INFO - Найдено устройство RC-102-011242
2025-09-29 17:18:16,014 - INFO - Получен запрос для серийного номера: RC-102-011242
2025-09-29 17:18:16,610 - INFO - All data for RC-102-011242: found 22 fields
2025-09-29 17:18:16,687 - INFO - Найдено устройство RC-102-011242
2025-09-29 17:18:18,032 - INFO - Получен запрос для серийного номера: RC-102-011242
2025-09-29 17:18:18,720 - INFO - All data for RC-102-011242: found 22 fields
2025-09-29 17:18:18,808 - INFO - Найдено устройство RC-102-011242
2025-09-29 17:18:20,022 - INFO - Получен запрос для серийного номера: RC-102-011242
2025-09-29 17:18:20,724 - INFO - All data for RC-102-011242: found 22 fields
2025-09-29 17:18:20,814 - INFO - Найдено устройство RC-102-011242
2025-09-29 17:18:22,021 - INFO - Получен запрос для серийного номера: RC-102-011242
2025-09-29 17:18:22,708 - INFO - All data for RC-102-011242: found 22 fields
2025-09-29 17:18:22,799 - INFO - Найдено устройство RC-102-011242
2025-09-29 17:18:24,021 - INFO - Получен запрос для серийного номера: RC-102-011242
2025-09-29 17:18:24,722 - INFO - All data for RC-102-011242: found 22 fields
2025-09-29 17:18:24,814 - INFO - Найдено устройство RC-102-011242
2025-09-29 17:18:26,012 - INFO - Получен запрос для серийного номера: RC-102-011242
2025-09-29 17:18:26,696 - INFO - All data for RC-102-011242: found 22 fields
2025-09-29 17:18:26,786 - INFO - Найдено устройство RC-102-011242
2025-09-29 17:18:28,022 - INFO - Получен запрос для серийного номера: RC-102-011242
2025-09-29 17:18:28,698 - INFO - All data for RC-102-011242: found 22 fields
2025-09-29 17:18:28,786 - INFO - Найдено устройство RC-102-011242
2025-09-29 17:18:30,028 - INFO - Получен запрос для серийного номера: RC-102-011242
2025-09-29 17:18:30,728 - INFO - All data for RC-102-011242: found 22 fields
2025-09-29 17:18:30,820 - INFO - Найдено устройство RC-102-011242
2025-09-29 17:19:05,786 - INFO - Получен запрос для серийного номера: RC-102-011242
2025-09-29 17:19:06,443 - INFO - All data for RC-102-011242: found 22 fields
2025-09-29 17:19:06,519 - INFO - Найдено устройство RC-102-011242
2025-09-29 17:19:07,666 - INFO - Получен запрос для серийного номера: RC-102-011242
2025-09-29 17:19:08,338 - INFO - All data for RC-102-011242: found 22 fields
2025-09-29 17:19:08,425 - INFO - Найдено устройство RC-102-011242
2025-09-29 17:19:26,619 - INFO - Получен запрос для серийного номера: RC-102-011242
2025-09-29 17:19:27,321 - INFO - All data for RC-102-011242: found 22 fields
2025-09-29 17:19:27,413 - INFO - Найдено устройство RC-102-011242
2025-09-29 17:19:28,590 - INFO - Получен запрос для серийного номера: RC-102-011242
2025-09-29 17:19:29,275 - INFO - All data for RC-102-011242: found 22 fields
2025-09-29 17:19:29,364 - INFO - Найдено устройство RC-102-011242
2025-09-29 17:19:30,592 - INFO - Получен запрос для серийного номера: RC-102-011242
2025-09-29 17:19:31,272 - INFO - All data for RC-102-011242: found 22 fields
2025-09-29 17:19:31,360 - INFO - Найдено устройство RC-102-011242
2025-09-29 17:19:33,031 - INFO - Получен запрос для серийного номера: RC-102-011242
2025-09-29 17:19:33,704 - INFO - All data for RC-102-011242: found 22 fields
2025-09-29 17:19:33,792 - INFO - Найдено устройство RC-102-011242
2025-09-29 17:19:35,010 - INFO - Получен запрос для серийного номера: RC-102-011242
2025-09-29 17:19:35,710 - INFO - All data for RC-102-011242: found 22 fields
2025-09-29 17:19:35,802 - INFO - Найдено устройство RC-102-011242
2025-09-29 17:19:37,028 - INFO - Получен запрос для серийного номера: RC-102-011242
2025-09-29 17:19:37,767 - INFO - All data for RC-102-011242: found 22 fields
2025-09-29 17:19:37,857 - INFO - Найдено устройство RC-102-011242
2025-09-29 17:24:53,978 - INFO - Получен запрос для серийного номера: RC-102-011242
2025-09-29 17:24:54,706 - INFO - All data for RC-102-011242: found 22 fields
2025-09-29 17:24:54,784 - INFO - Найдено устройство RC-102-011242
2025-09-29 17:25:15,976 - INFO - Получен запрос для серийного номера: RC-102-011242
2025-09-29 17:25:16,573 - INFO - All data for RC-102-011242: found 22 fields
2025-09-29 17:25:16,650 - INFO - Найдено устройство RC-102-011242
2025-09-29 17:25:38,041 - INFO - Получен запрос для серийного номера: RC-102-011242
2025-09-29 17:25:38,733 - INFO - All data for RC-102-011242: found 22 fields
2025-09-29 17:25:38,815 - INFO - Найдено устройство RC-102-011242
2025-09-29 17:25:43,305 - INFO - Получен запрос для серийного номера: RC-102-011242
2025-09-29 17:25:43,911 - INFO - All data for RC-102-011242: found 22 fields
2025-09-29 17:25:43,990 - INFO - Найдено устройство RC-102-011242
2025-09-29 17:26:31,880 - INFO - Получен запрос для серийного номера: RC-102-011242
2025-09-29 17:26:32,549 - INFO - All data for RC-102-011242: found 22 fields
2025-09-29 17:26:32,626 - INFO - Найдено устройство RC-102-011242
2025-09-29 17:26:33,855 - INFO - Получен запрос для серийного номера: RC-102-011242
2025-09-29 17:26:34,449 - INFO - All data for RC-102-011242: found 22 fields
2025-09-29 17:26:34,526 - INFO - Найдено устройство RC-102-011242
2025-09-29 17:26:36,713 - INFO - Получен запрос для серийного номера: RC-102-011242
2025-09-29 17:26:37,425 - INFO - All data for RC-102-011242: found 22 fields
2025-09-29 17:26:37,519 - INFO - Найдено устройство RC-102-011242
2025-09-29 17:26:39,033 - INFO - Получен запрос для серийного номера: RC-102-011242
2025-09-29 17:26:39,659 - INFO - All data for RC-102-011242: found 22 fields
2025-09-29 17:26:39,741 - INFO - Найдено устройство RC-102-011242
2025-09-29 17:26:40,779 - INFO - Получен запрос для серийного номера: RC-102-011242
2025-09-29 17:26:41,484 - INFO - All data for RC-102-011242: found 22 fields
2025-09-29 17:26:41,576 - INFO - Найдено устройство RC-102-011242
2025-09-29 17:26:43,015 - INFO - Получен запрос для серийного номера: RC-102-011242
2025-09-29 17:26:43,786 - INFO - All data for RC-102-011242: found 22 fields
2025-09-29 17:26:43,886 - INFO - Найдено устройство RC-102-011242
2025-09-29 17:26:45,037 - INFO - Получен запрос для серийного номера: RC-102-011242
2025-09-29 17:26:45,642 - INFO - All data for RC-102-011242: found 22 fields
2025-09-29 17:26:45,720 - INFO - Найдено устройство RC-102-011242
2025-09-29 17:26:47,047 - INFO - Получен запрос для серийного номера: RC-102-011242
2025-09-29 17:26:47,743 - INFO - All data for RC-102-011242: found 22 fields
2025-09-29 17:26:47,834 - INFO - Найдено устройство RC-102-011242
2025-09-29 17:26:49,000 - INFO - Получен запрос для серийного номера: RC-102-011242
2025-09-29 17:26:49,633 - INFO - All data for RC-102-011242: found 22 fields
2025-09-29 17:26:49,714 - INFO - Найдено устройство RC-102-011242
2025-09-29 17:26:51,029 - INFO - Получен запрос для серийного номера: RC-102-011242
2025-09-29 17:26:51,790 - INFO - All data for RC-102-011242: found 22 fields
2025-09-29 17:26:51,890 - INFO - Найдено устройство RC-102-011242
2025-09-29 17:26:53,018 - INFO - Получен запрос для серийного номера: RC-102-011242
2025-09-29 17:26:53,629 - INFO - All data for RC-102-011242: found 22 fields
2025-09-29 17:26:53,707 - INFO - Найдено устройство RC-102-011242
2025-09-29 17:26:55,019 - INFO - Получен запрос для серийного номера: RC-102-011242
2025-09-29 17:26:55,721 - INFO - All data for RC-102-011242: found 22 fields
2025-09-29 17:26:55,813 - INFO - Найдено устройство RC-102-011242
2025-09-29 17:26:57,041 - INFO - Получен запрос для серийного номера: RC-102-011242
2025-09-29 17:26:57,738 - INFO - All data for RC-102-011242: found 22 fields
2025-09-29 17:26:57,829 - INFO - Найдено устройство RC-102-011242
2025-09-29 17:26:59,042 - INFO - Получен запрос для серийного номера: RC-102-011242
2025-09-29 17:26:59,670 - INFO - All data for RC-102-011242: found 22 fields
2025-09-29 17:26:59,752 - INFO - Найдено устройство RC-102-011242
2025-09-30 11:12:07,247 - INFO - 🚀 Запуск Radiacode Manufacturing сервера...
2025-09-30 11:12:07,247 - INFO - 📋 Доступные endpoints:
2025-09-30 11:12:07,247 - INFO -    GET  /                      - Проверка здоровья
2025-09-30 11:12:07,247 - INFO -    POST /webhook/device        - Прием данных от EMQX
2025-09-30 11:12:07,247 - INFO -    GET  /api/device/<serial>   - Получение даты изготовления по серийнику
2025-09-30 11:12:07,247 - INFO -    POST /api/check-status      - Проверка статуса (совместимость)
2025-09-30 11:12:07,247 - INFO -    GET  /api/stats             - Статистика
2025-09-30 11:12:07,247 - INFO -    GET  /api/devices           - Совместимость (возвращает пустой список)
2025-09-30 11:12:07,247 - INFO - ✅ RadiacodeManager успешно импортирован из AzureConnector
2025-09-30 11:12:07,247 - INFO - ✅ Manager создан: RadiacodeManager
2025-09-30 11:12:07,251 - INFO - [31m[1mWARNING: This is a development server. Do not use it in a production deployment. Use a production WSGI server instead.[0m
 * Running on all addresses (0.0.0.0)
 * Running on http://127.0.0.1:3000
 * Running on http://192.168.88.132:3000
2025-09-30 11:12:07,251 - INFO - [33mPress CTRL+C to quit[0m
2025-09-30 11:12:38,893 - INFO - Запрос даты изготовления для: RC-102-011242
2025-09-30 11:12:39,609 - INFO - Manufacturing date for RC-102-011242: 2025-09-29T17:06:43
2025-09-30 11:12:39,698 - INFO - 192.168.88.46 - - [30/Sep/2025 11:12:39] "GET /api/device/RC-102-011242 HTTP/1.1" 200 -
2025-09-30 11:13:20,599 - INFO - Запрос даты изготовления для: RC-102-011242
2025-09-30 11:13:21,259 - INFO - Manufacturing date for RC-102-011242: 2025-09-29T17:06:43
2025-09-30 11:13:21,340 - INFO - 192.168.88.46 - - [30/Sep/2025 11:13:21] "GET /api/device/RC-102-011242 HTTP/1.1" 200 -
2025-09-30 11:25:55,387 - INFO - Found 0 devices manufactured in last 30 minutes (UTC)
2025-09-30 11:25:55,464 - INFO - Найдено 0 устройств за последние 30 минут (UTC)
2025-09-30 11:25:55,464 - INFO - 192.168.88.46 - - [30/Sep/2025 11:25:55] "GET /api/devices?limit=10&minutes=30 HTTP/1.1" 200 -
2025-09-30 11:26:05,416 - INFO - Found 0 devices manufactured in last 30 minutes (UTC)
2025-09-30 11:26:05,494 - INFO - Найдено 0 устройств за последние 30 минут (UTC)
2025-09-30 11:26:05,495 - INFO - 192.168.88.46 - - [30/Sep/2025 11:26:05] "GET /api/devices?limit=10&minutes=30 HTTP/1.1" 200 -
2025-09-30 11:29:45,161 - INFO - Получен запрос для серийного номера: RC-102-011242
2025-09-30 11:29:45,872 - INFO - All data for RC-102-011242: found 22 fields
2025-09-30 11:29:45,949 - INFO - Найдено устройство RC-102-011242
2025-09-30 11:30:33,936 - INFO - Получен запрос для серийного номера: RC-102-011242
2025-09-30 11:30:34,627 - INFO - All data for RC-102-011242: found 22 fields
2025-09-30 11:30:34,707 - INFO - Найдено устройство RC-102-011242
2025-09-30 11:30:42,316 - INFO - Получен запрос для серийного номера: RC-102-011242
2025-09-30 11:30:42,914 - INFO - All data for RC-102-011242: found 22 fields
2025-09-30 11:30:42,991 - INFO - Найдено устройство RC-102-011242
2025-09-30 11:31:08,489 - INFO - Получен запрос для серийного номера: RC-102-011242
2025-09-30 11:31:09,228 - INFO - All data for RC-102-011242: found 22 fields
2025-09-30 11:31:09,315 - INFO - Найдено устройство RC-102-011242
2025-09-30 11:34:01,285 - INFO - Получены данные: {'limit': 10, 'minutes': 30, 'path': '/api/devices'}
2025-09-30 11:34:02,004 - INFO - Found 0 devices manufactured in last 30 minutes (UTC)
2025-09-30 11:34:02,093 - INFO - Найдено 0 устройств за последние 30 минут (UTC)
2025-09-30 11:36:10,977 - INFO - Получены данные: {'client_attrs': {}, 'clientid': '55F8342B', 'event': 'message.publish', 'flags': {'dup': False, 'retain': False}, 'id': '00064000A4E4E1B4F445000FAE260002', 'metadata': {'rule_id': 'postgres_webhook_WH_D'}, 'node': 'emqx@127.0.0.1', 'payload': '{"id":"55F8342B","msg":"RC-102-011242"}', 'peerhost': '192.168.88.74', 'peername': '192.168.88.74:53191', 'pub_props': {'User-Property': {}}, 'publish_received_at': 1759221370905, 'qos': 2, 'timestamp': 1759221370905, 'topic': 'production/ready', 'username': 'undefined'}
2025-09-30 11:36:10,977 - INFO - Данные получены из топика: production/ready
2025-09-30 11:36:10,977 - INFO - Парсинг: barcode=RC-102-011242, topic=production/ready
2025-09-30 11:36:11,674 - INFO - Device found: RC-102-011242
2025-09-30 11:36:11,674 - INFO - Current ManufDate: 2025-09-29T17:06:43
2025-09-30 11:36:11,674 - INFO - Current SaleDate: 2025-09-29T15:55:50
2025-09-30 11:36:11,761 - INFO - Will set ManufDate to: 2025-09-30T11:36:11.761416
2025-09-30 11:36:12,369 - INFO - Manufacturing date updated for RC-102-011242: 2025-09-30T11:36:11.761416
2025-09-30 11:36:12,446 - INFO - Успешно записана manufacturing дата для: RC-102-011242 из топика: production/ready
2025-09-30 11:36:43,166 - INFO - Получены данные: {'limit': 10, 'minutes': 30, 'path': '/api/devices'}
2025-09-30 11:36:43,940 - INFO - Found 1 devices manufactured in last 30 minutes (UTC)
2025-09-30 11:36:44,022 - INFO - Найдено 1 устройств за последние 30 минут (UTC)
2025-09-30 11:39:39,876 - INFO - Получены данные: {'limit': 10, 'minutes': 1, 'path': '/api/devices'}
2025-09-30 11:39:40,639 - INFO - Found 1 devices manufactured in last 1 minutes (UTC)
2025-09-30 11:39:40,735 - INFO - Найдено 1 устройств за последние 1 минут (UTC)
2025-09-30 11:40:06,208 - INFO - Получены данные: {'limit': 10, 'minutes': 30, 'path': '/api/devices'}
2025-09-30 11:40:06,975 - INFO - Found 1 devices manufactured in last 30 minutes (UTC)
2025-09-30 11:40:07,071 - INFO - Найдено 1 устройств за последние 30 минут (UTC)
2025-09-30 11:42:07,278 - INFO - Получены данные: {'limit': 10, 'minutes': 1, 'path': '/api/devices'}
2025-09-30 11:42:08,161 - INFO - Found 1 devices manufactured in last 1 minutes (UTC)
2025-09-30 11:42:08,256 - INFO - Найдено 1 устройств за последние 1 минут (UTC)
2025-09-30 11:48:28,230 - INFO - Получены данные: {'limit': 10, 'minutes': 1, 'path': '/api/devices'}
2025-09-30 11:48:28,872 - INFO - Found 1 devices manufactured in last 1 minutes (UTC)
2025-09-30 11:48:28,950 - INFO - Найдено 1 устройств за последние 1 минут (UTC)
2025-09-30 11:54:04,456 - INFO - Получены данные: {'client_attrs': {}, 'clientid': '55F8342B', 'event': 'message.publish', 'flags': {'dup': False, 'retain': False}, 'id': '00064000E4E0E20DF445000FBB0D0002', 'metadata': {'rule_id': 'postgres_webhook_WH_D'}, 'node': 'emqx@127.0.0.1', 'payload': '{"id":"55F8342B","msg":"RC-102-011242"}', 'peerhost': '192.168.88.74', 'peername': '192.168.88.74:54560', 'pub_props': {'User-Property': {}}, 'publish_received_at': 1759222444384, 'qos': 2, 'timestamp': 1759222444384, 'topic': 'production/ready', 'username': 'undefined'}
2025-09-30 11:54:04,456 - INFO - Данные получены из топика: production/ready
2025-09-30 11:54:04,456 - INFO - Парсинг: barcode=RC-102-011242, topic=production/ready
2025-09-30 11:54:05,205 - INFO - Device found: RC-102-011242
2025-09-30 11:54:05,206 - INFO - Current ManufDate: 2025-09-30T11:36:12
2025-09-30 11:54:05,206 - INFO - Current SaleDate: 2025-09-29T15:55:50
2025-09-30 11:54:05,297 - INFO - Will set ManufDate to: 2025-09-30T11:54:05.297458
2025-09-30 11:54:05,913 - INFO - Manufacturing date updated for RC-102-011242: 2025-09-30T11:54:05.297458
2025-09-30 11:54:05,991 - INFO - Успешно записана manufacturing дата для: RC-102-011242 из топика: production/ready
2025-09-30 11:59:08,276 - INFO - Получены данные: {'client_attrs': {}, 'clientid': '55F8342B', 'event': 'message.publish', 'flags': {'dup': False, 'retain': False}, 'id': '00064000F6FCC82DF445000FBB0D0003', 'metadata': {'rule_id': 'postgres_webhook_WH_D'}, 'node': 'emqx@127.0.0.1', 'payload': '{"id":"55F8342B","msg":"RC-102-011242"}', 'peerhost': '192.168.88.74', 'peername': '192.168.88.74:54560', 'pub_props': {'User-Property': {}}, 'publish_received_at': 1759222748203, 'qos': 2, 'timestamp': 1759222748203, 'topic': 'production/ready', 'username': 'undefined'}
2025-09-30 11:59:08,276 - INFO - Данные получены из топика: production/ready
2025-09-30 11:59:08,276 - INFO - Парсинг: barcode=RC-102-011242, topic=production/ready
2025-09-30 11:59:09,069 - INFO - Device found: RC-102-011242
2025-09-30 11:59:09,069 - INFO - Current ManufDate: 2025-09-30T11:54:05
2025-09-30 11:59:09,070 - INFO - Current SaleDate: 2025-09-29T15:55:50
2025-09-30 11:59:09,151 - INFO - Will set ManufDate to: 2025-09-30T11:59:09.151492
2025-09-30 11:59:09,764 - INFO - Manufacturing date updated for RC-102-011242: 2025-09-30T11:59:09.151492
2025-09-30 11:59:09,841 - INFO - Успешно записана manufacturing дата для: RC-102-011242 из топика: production/ready
2025-09-30 12:00:04,429 - INFO - Получены данные: {'client_attrs': {}, 'clientid': '55F8342B', 'event': 'message.publish', 'flags': {'dup': False, 'retain': False}, 'id': '00064000F970BF83F445000FBB0D0004', 'metadata': {'rule_id': 'postgres_webhook_WH_D'}, 'node': 'emqx@127.0.0.1', 'payload': '{"id":"55F8342B","msg":"RC-102-011242"}', 'peerhost': '192.168.88.74', 'peername': '192.168.88.74:54560', 'pub_props': {'User-Property': {}}, 'publish_received_at': 1759222789357, 'qos': 2, 'timestamp': 1759222789357, 'topic': 'production/ready', 'username': 'undefined'}
2025-09-30 12:00:04,429 - INFO - Данные получены из топика: production/ready
2025-09-30 12:00:04,429 - INFO - Парсинг: barcode=RC-102-011242, topic=production/ready
2025-09-30 12:00:05,251 - INFO - Device found: RC-102-011242
2025-09-30 12:00:05,251 - INFO - Current ManufDate: 2025-09-30T11:59:09
2025-09-30 12:00:05,251 - INFO - Current SaleDate: 2025-09-29T15:55:50
2025-09-30 12:00:05,347 - INFO - Will set ManufDate to: 2025-09-30T12:00:05.347478
2025-09-30 12:00:05,960 - INFO - Manufacturing date updated for RC-102-011242: 2025-09-30T12:00:05.347478
2025-09-30 12:00:06,037 - INFO - Успешно записана manufacturing дата для: RC-102-011242 из топика: production/ready
2025-09-30 12:00:32,933 - INFO - Получены данные: {'limit': 10, 'minutes': 1, 'path': '/api/devices'}
2025-09-30 12:00:33,641 - INFO - Found 1 devices manufactured in last 1 minutes (UTC)
2025-09-30 12:00:33,737 - INFO - Найдено 1 устройств за последние 1 минут (UTC)
2025-09-30 12:00:59,082 - INFO - Device found: RC-103G-001665
2025-09-30 12:00:59,083 - INFO - Current ManufDate: 2025-09-24T09:41:25
2025-09-30 12:00:59,083 - INFO - Current SaleDate: 2025-09-24T09:41:26
2025-09-30 12:00:59,160 - INFO - Will set ManufDate to: 2025-09-30T09:00:59.160262
2025-09-30 12:00:59,801 - INFO - Manufacturing date updated for RC-103G-001665: 2025-09-30T09:00:59.160262
2025-09-30 12:01:00,452 - INFO - Device found: RC-103G-001665
2025-09-30 12:01:00,452 - INFO - Current ManufDate: 2025-09-30T09:00:59
2025-09-30 12:01:00,452 - INFO - Current SaleDate: 2025-09-24T09:41:26
2025-09-30 12:01:00,528 - INFO - Will set SaleDate to: 2025-09-30T09:01:00.528848
2025-09-30 12:01:01,173 - INFO - Sale date updated for RC-103G-001665: 2025-09-30T09:01:00.528848
2025-09-30 12:01:01,863 - INFO - Manufacturing date for RC-103G-001665: 2025-09-30T09:00:59
2025-09-30 12:01:02,517 - INFO - Sale date for RC-103G-001665: 2025-09-30T09:01:01
2025-09-30 12:04:26,256 - INFO - Получены данные: {'client_attrs': {}, 'clientid': '55F8342B', 'event': 'message.publish', 'flags': {'dup': False, 'retain': False}, 'id': '0006400109F0D6B0F445000FBB0D0005', 'metadata': {'rule_id': 'postgres_webhook_WH_D'}, 'node': 'emqx@127.0.0.1', 'payload': '{"id":"55F8342B","msg":"RC-102-011242"}', 'peerhost': '192.168.88.74', 'peername': '192.168.88.74:54560', 'pub_props': {'User-Property': {}}, 'publish_received_at': 1759223066187, 'qos': 2, 'timestamp': 1759223066187, 'topic': 'production/ready', 'username': 'undefined'}
2025-09-30 12:04:26,256 - INFO - Данные получены из топика: production/ready
2025-09-30 12:04:26,256 - INFO - Парсинг: barcode=RC-102-011242, topic=production/ready
2025-09-30 12:04:27,018 - INFO - Device found: RC-102-011242
2025-09-30 12:04:27,018 - INFO - Current ManufDate: 2025-09-30T12:00:05
2025-09-30 12:04:27,018 - INFO - Current SaleDate: 2025-09-29T15:55:50
2025-09-30 12:04:27,095 - INFO - Will set ManufDate to: 2025-09-30T12:04:27.095139
2025-09-30 12:04:27,746 - INFO - Manufacturing date updated for RC-102-011242: 2025-09-30T12:04:27.095139
2025-09-30 12:04:27,829 - INFO - Успешно записана manufacturing дата для: RC-102-011242 из топика: production/ready
2025-09-30 12:09:06,019 - INFO - Получены данные: {'client_attrs': {}, 'clientid': '55F8342B', 'event': 'message.publish', 'flags': {'dup': False, 'retain': False}, 'id': '0006400119B8DE4EF445000FBB0D0006', 'metadata': {'rule_id': 'postgres_webhook_WH_D'}, 'node': 'emqx@127.0.0.1', 'payload': '{"id":"55F8342B","msg":"RC-102-011242"}', 'peerhost': '192.168.88.74', 'peername': '192.168.88.74:54560', 'pub_props': {'User-Property': {}}, 'publish_received_at': 1759223330954, 'qos': 2, 'timestamp': 1759223330954, 'topic': 'production/ready', 'username': 'undefined'}
2025-09-30 12:09:06,019 - INFO - Данные получены из топика: production/ready
2025-09-30 12:09:06,019 - INFO - Парсинг: barcode=RC-102-011242, topic=production/ready
2025-09-30 12:09:06,664 - INFO - Device found: RC-102-011242
2025-09-30 12:09:06,665 - INFO - Current ManufDate: 2025-09-30T12:04:27
2025-09-30 12:09:06,665 - INFO - Current SaleDate: 2025-09-29T15:55:50
2025-09-30 12:09:06,742 - INFO - Will set ManufDate to: 2025-09-30T09:09:06.742504
2025-09-30 12:09:07,348 - INFO - Manufacturing date updated for RC-102-011242: 2025-09-30T09:09:06.742504
2025-09-30 12:09:07,425 - INFO - Успешно записана manufacturing дата для: RC-102-011242 из топика: production/ready
2025-09-30 12:11:05,625 - INFO - Получены данные: {'client_attrs': {}, 'clientid': '55F8342B', 'event': 'message.publish', 'flags': {'dup': False, 'retain': False}, 'id': '0006400121BEB942F445000FBB0D0007', 'metadata': {'rule_id': 'postgres_webhook_WH_D'}, 'node': 'emqx@127.0.0.1', 'payload': '{"id":"55F8342B","msg":"RC-102-011242"}', 'peerhost': '192.168.88.74', 'peername': '192.168.88.74:54560', 'pub_props': {'User-Property': {}}, 'publish_received_at': 1759223465556, 'qos': 2, 'timestamp': 1759223465556, 'topic': 'production/ready', 'username': 'undefined'}
2025-09-30 12:11:05,625 - INFO - Данные получены из топика: production/ready
2025-09-30 12:11:05,625 - INFO - Парсинг: barcode=RC-102-011242, topic=production/ready
2025-09-30 12:11:06,472 - INFO - Device found: RC-102-011242
2025-09-30 12:11:06,472 - INFO - Current ManufDate: 2025-09-30T09:09:07
2025-09-30 12:11:06,472 - INFO - Current SaleDate: 2025-09-29T15:55:50
2025-09-30 12:11:06,562 - INFO - Will set ManufDate to: 2025-09-30T09:11:06.562445
2025-09-30 12:11:07,169 - INFO - Manufacturing date updated for RC-102-011242: 2025-09-30T09:11:06.562445
2025-09-30 12:11:07,246 - INFO - Успешно записана manufacturing дата для: RC-102-011242 из топика: production/ready
2025-09-30 12:11:23,236 - INFO - Получены данные: {'limit': 10, 'minutes': 1, 'path': '/api/devices'}
2025-09-30 12:11:23,837 - INFO - Found 1 devices manufactured in last 1 minutes (UTC)
2025-09-30 12:11:23,918 - INFO - Найдено 1 устройств за последние 1 минут (UTC)
2025-09-30 12:11:34,406 - INFO - Получены данные: {'limit': 10, 'minutes': 1, 'path': '/api/devices'}
2025-09-30 12:11:34,974 - INFO - Found 1 devices manufactured in last 1 minutes (UTC)
2025-09-30 12:11:35,051 - INFO - Найдено 1 устройств за последние 1 минут (UTC)
2025-09-30 12:11:47,804 - INFO - Получены данные: {'limit': 10, 'minutes': 1, 'path': '/api/devices'}
2025-09-30 12:11:48,536 - INFO - Found 1 devices manufactured in last 1 minutes (UTC)
2025-09-30 12:11:48,626 - INFO - Найдено 1 устройств за последние 1 минут (UTC)
2025-09-30 12:11:50,062 - INFO - Получены данные: {'limit': 10, 'minutes': 1, 'path': '/api/devices'}
2025-09-30 12:11:50,704 - INFO - Found 1 devices manufactured in last 1 minutes (UTC)
2025-09-30 12:11:50,791 - INFO - Найдено 1 устройств за последние 1 минут (UTC)
2025-09-30 12:11:52,285 - INFO - Получены данные: {'limit': 10, 'minutes': 1, 'path': '/api/devices'}
2025-09-30 12:11:52,863 - INFO - Found 1 devices manufactured in last 1 minutes (UTC)
2025-09-30 12:11:52,940 - INFO - Найдено 1 устройств за последние 1 минут (UTC)
2025-09-30 12:11:54,826 - INFO - Получены данные: {'limit': 10, 'minutes': 1, 'path': '/api/devices'}
2025-09-30 12:11:55,399 - INFO - Found 1 devices manufactured in last 1 minutes (UTC)
2025-09-30 12:11:55,475 - INFO - Найдено 1 устройств за последние 1 минут (UTC)
2025-09-30 12:11:59,192 - INFO - Получены данные: {'limit': 10, 'minutes': 1, 'path': '/api/devices'}
2025-09-30 12:11:59,797 - INFO - Found 1 devices manufactured in last 1 minutes (UTC)
2025-09-30 12:11:59,879 - INFO - Найдено 1 устройств за последние 1 минут (UTC)
2025-09-30 12:12:01,205 - INFO - Получены данные: {'limit': 10, 'minutes': 1, 'path': '/api/devices'}
2025-09-30 12:12:01,956 - INFO - Found 1 devices manufactured in last 1 minutes (UTC)
2025-09-30 12:12:02,059 - INFO - Найдено 1 устройств за последние 1 минут (UTC)
2025-09-30 12:12:04,213 - INFO - Получены данные: {'limit': 10, 'minutes': 1, 'path': '/api/devices'}
2025-09-30 12:12:04,876 - INFO - Found 1 devices manufactured in last 1 minutes (UTC)
2025-09-30 12:12:04,966 - INFO - Найдено 1 устройств за последние 1 минут (UTC)
2025-09-30 12:12:11,159 - INFO - Получены данные: {'limit': 10, 'minutes': 1, 'path': '/api/devices'}
2025-09-30 12:12:11,790 - INFO - Found 0 devices manufactured in last 1 minutes (UTC)
2025-09-30 12:12:11,866 - INFO - Найдено 0 устройств за последние 1 минут (UTC)
2025-09-30 12:12:13,781 - INFO - Получены данные: {'limit': 10, 'minutes': 1, 'path': '/api/devices'}
2025-09-30 12:12:14,384 - INFO - Found 0 devices manufactured in last 1 minutes (UTC)
2025-09-30 12:12:14,465 - INFO - Найдено 0 устройств за последние 1 минут (UTC)
2025-09-30 12:13:18,507 - INFO - Получены данные: {'limit': 10, 'minutes': 1, 'path': '/api/devices'}
2025-09-30 12:13:19,178 - INFO - Found 0 devices manufactured in last 1 minutes (UTC)
2025-09-30 12:13:19,259 - INFO - Найдено 0 устройств за последние 1 минут (UTC)
2025-09-30 12:13:20,509 - INFO - Получены данные: {'limit': 10, 'minutes': 1, 'path': '/api/devices'}
2025-09-30 12:13:21,282 - INFO - Found 0 devices manufactured in last 1 minutes (UTC)
2025-09-30 12:13:21,385 - INFO - Найдено 0 устройств за последние 1 минут (UTC)
2025-09-30 12:13:21,518 - INFO - Получены данные: {'client_attrs': {}, 'clientid': '55F8342B', 'event': 'message.publish', 'flags': {'dup': False, 'retain': False}, 'id': '0006400129D85DA0F445000FBB0D0008', 'metadata': {'rule_id': 'postgres_webhook_WH_D'}, 'node': 'emqx@127.0.0.1', 'payload': '{"id":"55F8342B","msg":"RC-102-011242"}', 'peerhost': '192.168.88.74', 'peername': '192.168.88.74:54560', 'pub_props': {'User-Property': {}}, 'publish_received_at': 1759223601454, 'qos': 2, 'timestamp': 1759223601454, 'topic': 'production/ready', 'username': 'undefined'}
2025-09-30 12:13:21,518 - INFO - Данные получены из топика: production/ready
2025-09-30 12:13:21,518 - INFO - Парсинг: barcode=RC-102-011242, topic=production/ready
2025-09-30 12:13:22,126 - INFO - Device found: RC-102-011242
2025-09-30 12:13:22,127 - INFO - Current ManufDate: 2025-09-30T09:11:07
2025-09-30 12:13:22,127 - INFO - Current SaleDate: 2025-09-29T15:55:50
2025-09-30 12:13:22,209 - INFO - Will set ManufDate to: 2025-09-30T09:13:22.209082
2025-09-30 12:13:22,502 - INFO - Получены данные: {'limit': 10, 'minutes': 1, 'path': '/api/devices'}
2025-09-30 12:13:22,853 - INFO - Manufacturing date updated for RC-102-011242: 2025-09-30T09:13:22.209082
2025-09-30 12:13:22,935 - INFO - Успешно записана manufacturing дата для: RC-102-011242 из топика: production/ready
2025-09-30 12:13:23,072 - INFO - Found 1 devices manufactured in last 1 minutes (UTC)
2025-09-30 12:13:23,149 - INFO - Найдено 1 устройств за последние 1 минут (UTC)
2025-09-30 12:58:40,699 - INFO - Получены данные: {'limit': 10, 'minutes': 1, 'path': '/api/devices'}
2025-09-30 12:58:41,441 - INFO - Found 0 devices manufactured in last 1 minutes (UTC)
2025-09-30 12:58:41,533 - INFO - Найдено 0 устройств за последние 1 минут (UTC)
2025-09-30 12:58:42,874 - INFO - Получены данные: {'limit': 10, 'minutes': 1, 'path': '/api/devices'}
2025-09-30 12:58:43,536 - INFO - Found 0 devices manufactured in last 1 minutes (UTC)
2025-09-30 12:58:43,627 - INFO - Найдено 0 устройств за последние 1 минут (UTC)
2025-09-30 12:58:44,865 - INFO - Получены данные: {'limit': 10, 'minutes': 1, 'path': '/api/devices'}
2025-09-30 12:58:45,527 - INFO - Found 0 devices manufactured in last 1 minutes (UTC)
2025-09-30 12:58:45,617 - INFO - Найдено 0 устройств за последние 1 минут (UTC)
2025-09-30 12:58:46,844 - INFO - Получены данные: {'limit': 10, 'minutes': 1, 'path': '/api/devices'}
2025-09-30 12:58:47,516 - INFO - Found 0 devices manufactured in last 1 minutes (UTC)
2025-09-30 12:58:47,607 - INFO - Найдено 0 устройств за последние 1 минут (UTC)
2025-09-30 12:58:48,863 - INFO - Получены данные: {'limit': 10, 'minutes': 1, 'path': '/api/devices'}
2025-09-30 12:58:49,514 - INFO - Found 0 devices manufactured in last 1 minutes (UTC)
2025-09-30 12:58:49,601 - INFO - Найдено 0 устройств за последние 1 минут (UTC)
2025-09-30 12:58:50,835 - INFO - Получены данные: {'limit': 10, 'minutes': 1, 'path': '/api/devices'}
2025-09-30 12:58:51,500 - INFO - Found 0 devices manufactured in last 1 minutes (UTC)
2025-09-30 12:58:51,590 - INFO - Найдено 0 устройств за последние 1 минут (UTC)
2025-09-30 12:58:52,829 - INFO - Получены данные: {'limit': 10, 'minutes': 1, 'path': '/api/devices'}
2025-09-30 12:58:53,429 - INFO - Found 0 devices manufactured in last 1 minutes (UTC)
2025-09-30 12:58:53,510 - INFO - Найдено 0 устройств за последние 1 минут (UTC)
2025-09-30 12:58:54,843 - INFO - Получены данные: {'limit': 10, 'minutes': 1, 'path': '/api/devices'}
2025-09-30 12:58:55,497 - INFO - Found 0 devices manufactured in last 1 minutes (UTC)
2025-09-30 12:58:55,585 - INFO - Найдено 0 устройств за последние 1 минут (UTC)
2025-09-30 12:58:56,830 - INFO - Получены данные: {'limit': 10, 'minutes': 1, 'path': '/api/devices'}
2025-09-30 12:58:57,488 - INFO - Found 0 devices manufactured in last 1 minutes (UTC)
2025-09-30 12:58:57,536 - INFO - Получены данные: {'client_attrs': {}, 'clientid': '55F8342B', 'event': 'message.publish', 'flags': {'dup': False, 'retain': False}, 'id': '00064001CCEC9395F445000FEA7F0002', 'metadata': {'rule_id': 'postgres_webhook_WH_D'}, 'node': 'emqx@127.0.0.1', 'payload': '{"id":"55F8342B","msg":"RC-102-011242"}', 'peerhost': '192.168.88.74', 'peername': '192.168.88.74:53523', 'pub_props': {'User-Property': {}}, 'publish_received_at': 1759226337465, 'qos': 2, 'timestamp': 1759226337465, 'topic': 'production/ready', 'username': 'undefined'}
2025-09-30 12:58:57,536 - INFO - Данные получены из топика: production/ready
2025-09-30 12:58:57,536 - INFO - Парсинг: barcode=RC-102-011242, topic=production/ready
2025-09-30 12:58:57,577 - INFO - Найдено 0 устройств за последние 1 минут (UTC)
2025-09-30 12:58:58,207 - INFO - Device found: RC-102-011242
2025-09-30 12:58:58,207 - INFO - Current ManufDate: 2025-09-30T09:13:22
2025-09-30 12:58:58,207 - INFO - Current SaleDate: 2025-09-29T15:55:50
2025-09-30 12:58:58,293 - INFO - Will set ManufDate to: 2025-09-30T09:58:58.293884
2025-09-30 12:58:58,834 - INFO - Получены данные: {'limit': 10, 'minutes': 1, 'path': '/api/devices'}
2025-09-30 12:58:59,014 - INFO - Manufacturing date updated for RC-102-011242: 2025-09-30T09:58:58.293884
2025-09-30 12:58:59,102 - INFO - Успешно записана manufacturing дата для: RC-102-011242 из топика: production/ready
2025-09-30 12:58:59,484 - INFO - Found 1 devices manufactured in last 1 minutes (UTC)
2025-09-30 12:58:59,572 - INFO - Найдено 1 устройств за последние 1 минут (UTC)
2025-09-30 13:03:20,008 - INFO - Получены данные: {'limit': 10, 'minutes': 30, 'path': '/api/devices'}
2025-09-30 13:03:20,770 - INFO - Found 1 devices manufactured in last 30 minutes (UTC)
2025-09-30 13:03:20,848 - INFO - Найдено 1 устройств за последние 30 минут (UTC)
2025-09-30 13:04:15,868 - INFO - Получены данные: {'limit': 10, 'minutes': 1, 'path': '/api/devices'}
2025-09-30 13:04:16,534 - INFO - Found 0 devices manufactured in last 1 minutes (UTC)
2025-09-30 13:04:16,624 - INFO - Найдено 0 устройств за последние 1 минут (UTC)
2025-09-30 13:04:17,737 - INFO - Получены данные: {'limit': 10, 'minutes': 1, 'path': '/api/devices'}
2025-09-30 13:04:17,861 - INFO - Получены данные: {'client_attrs': {}, 'clientid': '55F8342B', 'event': 'message.publish', 'flags': {'dup': False, 'retain': False}, 'id': '00064001E0047BF2F445000FEA7F0003', 'metadata': {'rule_id': 'postgres_webhook_WH_D'}, 'node': 'emqx@127.0.0.1', 'payload': '{"id":"55F8342B","msg":"RC-103-014352"}', 'peerhost': '192.168.88.74', 'peername': '192.168.88.74:53523', 'pub_props': {'User-Property': {}}, 'publish_received_at': 1759226657799, 'qos': 2, 'timestamp': 1759226657799, 'topic': 'production/ready', 'username': 'undefined'}
2025-09-30 13:04:17,861 - INFO - Данные получены из топика: production/ready
2025-09-30 13:04:17,861 - INFO - Парсинг: barcode=RC-103-014352, topic=production/ready
2025-09-30 13:04:18,345 - INFO - Found 0 devices manufactured in last 1 minutes (UTC)
2025-09-30 13:04:18,427 - INFO - Найдено 0 устройств за последние 1 минут (UTC)
2025-09-30 13:04:18,532 - INFO - Device found: RC-103-014352
2025-09-30 13:04:18,532 - INFO - Current ManufDate: Not set
2025-09-30 13:04:18,532 - INFO - Current SaleDate: Not set
2025-09-30 13:04:18,622 - INFO - Will set ManufDate to: 2025-09-30T10:04:18.622487
2025-09-30 13:04:19,231 - INFO - Manufacturing date updated for RC-103-014352: 2025-09-30T10:04:18.622487
2025-09-30 13:04:19,307 - INFO - Успешно записана manufacturing дата для: RC-103-014352 из топика: production/ready
2025-09-30 13:04:19,730 - INFO - Получены данные: {'limit': 10, 'minutes': 1, 'path': '/api/devices'}
2025-09-30 13:04:20,342 - INFO - Found 1 devices manufactured in last 1 minutes (UTC)
2025-09-30 13:04:20,425 - INFO - Найдено 1 устройств за последние 1 минут (UTC)
2025-09-30 13:04:20,825 - INFO - Получены данные: {'limit': 10, 'minutes': 30, 'path': '/api/devices'}
2025-09-30 13:04:21,591 - INFO - Found 2 devices manufactured in last 30 minutes (UTC)
2025-09-30 13:04:21,686 - INFO - Найдено 2 устройств за последние 30 минут (UTC)
2025-09-30 13:10:03,073 - INFO - Получены данные: {'limit': 10, 'minutes': 30, 'path': '/api/devices'}
2025-09-30 13:10:03,719 - INFO - Found 2 devices manufactured in last 30 minutes (UTC)
2025-09-30 13:10:03,796 - INFO - Найдено 2 устройств за последние 30 минут (UTC)
2025-09-30 13:10:09,476 - INFO - Получены данные: {'limit': 10, 'minutes': 30, 'path': '/api/devices'}
2025-09-30 13:10:10,050 - INFO - Found 2 devices manufactured in last 30 minutes (UTC)
2025-09-30 13:10:10,127 - INFO - Найдено 2 устройств за последние 30 минут (UTC)
2025-09-30 13:11:44,982 - INFO - Получены данные: {'limit': 10, 'minutes': 60, 'path': '/api/devices'}
2025-09-30 13:11:45,687 - INFO - Found 2 devices manufactured in last 60 minutes (UTC)
2025-09-30 13:11:45,772 - INFO - Найдено 2 устройств за последние 60 минут (UTC)
2025-09-30 13:14:57,733 - INFO - Получены данные: {'limit': 10, 'minutes': 30, 'path': '/api/devices'}
2025-09-30 13:14:58,452 - INFO - Found 2 devices manufactured in last 30 minutes (UTC)
2025-09-30 13:14:58,540 - INFO - Найдено 2 устройств за последние 30 минут (UTC)
2025-09-30 13:15:20,692 - INFO - Получены данные: {'limit': 10, 'minutes': 1, 'path': '/api/devices'}
2025-09-30 13:15:21,268 - INFO - Found 0 devices manufactured in last 1 minutes (UTC)
2025-09-30 13:15:21,345 - INFO - Найдено 0 устройств за последние 1 минут (UTC)
2025-09-30 13:15:22,677 - INFO - Получены данные: {'limit': 10, 'minutes': 1, 'path': '/api/devices'}
2025-09-30 13:15:23,336 - INFO - Found 0 devices manufactured in last 1 minutes (UTC)
2025-09-30 13:15:23,425 - INFO - Найдено 0 устройств за последние 1 минут (UTC)
2025-09-30 13:15:24,690 - INFO - Получены данные: {'limit': 10, 'minutes': 1, 'path': '/api/devices'}
2025-09-30 13:15:25,339 - INFO - Found 0 devices manufactured in last 1 minutes (UTC)
2025-09-30 13:15:25,426 - INFO - Найдено 0 устройств за последние 1 минут (UTC)
2025-09-30 13:15:26,121 - INFO - Получены данные: {'client_attrs': {}, 'clientid': '55F8342B', 'event': 'message.publish', 'flags': {'dup': False, 'retain': False}, 'id': '0006400207D92B33F445000FEA7F0004', 'metadata': {'rule_id': 'postgres_webhook_WH_D'}, 'node': 'emqx@127.0.0.1', 'payload': '{"id":"55F8342B","msg":"RC-103-014352"}', 'peerhost': '192.168.88.74', 'peername': '192.168.88.74:53523', 'pub_props': {'User-Property': {}}, 'publish_received_at': 1759227326049, 'qos': 2, 'timestamp': 1759227326049, 'topic': 'production/ready', 'username': 'undefined'}
2025-09-30 13:15:26,121 - INFO - Данные получены из топика: production/ready
2025-09-30 13:15:26,122 - INFO - Парсинг: barcode=RC-103-014352, topic=production/ready
2025-09-30 13:15:26,701 - INFO - Получены данные: {'limit': 10, 'minutes': 1, 'path': '/api/devices'}
2025-09-30 13:15:26,701 - INFO - Device found: RC-103-014352
2025-09-30 13:15:26,701 - INFO - Current ManufDate: 2025-09-30T10:04:19
2025-09-30 13:15:26,701 - INFO - Current SaleDate: Not set
2025-09-30 13:15:26,778 - INFO - Will set ManufDate to: 2025-09-30T10:15:26.778466
2025-09-30 13:15:27,274 - INFO - Found 0 devices manufactured in last 1 minutes (UTC)
2025-09-30 13:15:27,352 - INFO - Найдено 0 устройств за последние 1 минут (UTC)
2025-09-30 13:15:27,387 - INFO - Manufacturing date updated for RC-103-014352: 2025-09-30T10:15:26.778466
2025-09-30 13:15:27,464 - INFO - Успешно записана manufacturing дата для: RC-103-014352 из топика: production/ready
2025-09-30 13:15:28,688 - INFO - Получены данные: {'limit': 10, 'minutes': 1, 'path': '/api/devices'}
2025-09-30 13:15:29,412 - INFO - Found 1 devices manufactured in last 1 minutes (UTC)
2025-09-30 13:15:29,501 - INFO - Найдено 1 устройств за последние 1 минут (UTC)
2025-09-30 13:15:29,910 - INFO - Получены данные: {'limit': 10, 'minutes': 30, 'path': '/api/devices'}
2025-09-30 13:15:30,493 - INFO - Found 2 devices manufactured in last 30 minutes (UTC)
2025-09-30 13:15:30,571 - INFO - Найдено 2 устройств за последние 30 минут (UTC)
2025-09-30 13:19:38,846 - INFO - Получены данные: {'limit': 10, 'minutes': 30, 'path': '/api/devices'}
2025-09-30 13:19:39,591 - INFO - Found 2 devices manufactured in last 30 minutes (UTC)
2025-09-30 13:19:39,684 - INFO - Найдено 2 устройств за последние 30 минут (UTC)
2025-09-30 13:20:00,602 - INFO - Получены данные: {'limit': 10, 'minutes': 1, 'path': '/api/devices'}
2025-09-30 13:20:01,173 - INFO - Found 0 devices manufactured in last 1 minutes (UTC)
2025-09-30 13:20:01,250 - INFO - Найдено 0 устройств за последние 1 минут (UTC)
2025-09-30 13:20:02,602 - INFO - Получены данные: {'limit': 10, 'minutes': 1, 'path': '/api/devices'}
2025-09-30 13:20:03,193 - INFO - Found 0 devices manufactured in last 1 minutes (UTC)
2025-09-30 13:20:03,271 - INFO - Найдено 0 устройств за последние 1 минут (UTC)
2025-09-30 13:20:04,611 - INFO - Получены данные: {'limit': 10, 'minutes': 1, 'path': '/api/devices'}
2025-09-30 13:20:05,266 - INFO - Found 0 devices manufactured in last 1 minutes (UTC)
2025-09-30 13:20:05,345 - INFO - Найдено 0 устройств за последние 1 минут (UTC)
2025-09-30 13:20:06,592 - INFO - Получены данные: {'limit': 10, 'minutes': 1, 'path': '/api/devices'}
2025-09-30 13:20:07,166 - INFO - Found 0 devices manufactured in last 1 minutes (UTC)
2025-09-30 13:20:07,243 - INFO - Найдено 0 устройств за последние 1 минут (UTC)
2025-09-30 13:20:08,620 - INFO - Получены данные: {'limit': 10, 'minutes': 1, 'path': '/api/devices'}
2025-09-30 13:20:09,224 - INFO - Found 0 devices manufactured in last 1 minutes (UTC)
2025-09-30 13:20:09,303 - INFO - Найдено 0 устройств за последние 1 минут (UTC)
2025-09-30 13:20:10,606 - INFO - Получены данные: {'limit': 10, 'minutes': 1, 'path': '/api/devices'}
2025-09-30 13:20:11,181 - INFO - Found 0 devices manufactured in last 1 minutes (UTC)
2025-09-30 13:20:11,259 - INFO - Найдено 0 устройств за последние 1 минут (UTC)
2025-09-30 13:20:12,586 - INFO - Получены данные: {'limit': 10, 'minutes': 1, 'path': '/api/devices'}
2025-09-30 13:20:13,267 - INFO - Found 0 devices manufactured in last 1 minutes (UTC)
2025-09-30 13:20:13,359 - INFO - Найдено 0 устройств за последние 1 минут (UTC)
2025-09-30 13:20:14,590 - INFO - Получены данные: {'limit': 10, 'minutes': 1, 'path': '/api/devices'}
2025-09-30 13:20:15,273 - INFO - Found 0 devices manufactured in last 1 minutes (UTC)
2025-09-30 13:20:15,366 - INFO - Найдено 0 устройств за последние 1 минут (UTC)
2025-09-30 13:20:16,591 - INFO - Получены данные: {'limit': 10, 'minutes': 1, 'path': '/api/devices'}
2025-09-30 13:20:17,174 - INFO - Found 0 devices manufactured in last 1 minutes (UTC)
2025-09-30 13:20:17,253 - INFO - Найдено 0 устройств за последние 1 минут (UTC)
2025-09-30 13:20:18,912 - INFO - Получены данные: {'limit': 10, 'minutes': 30, 'path': '/api/devices'}
2025-09-30 13:20:19,710 - INFO - Found 2 devices manufactured in last 30 minutes (UTC)
2025-09-30 13:20:19,819 - INFO - Найдено 2 устройств за последние 30 минут (UTC)
2025-09-30 13:20:35,444 - INFO - Получены данные: {'limit': 10, 'minutes': 1, 'path': '/api/devices'}
2025-09-30 13:20:36,113 - INFO - Found 0 devices manufactured in last 1 minutes (UTC)
2025-09-30 13:20:36,193 - INFO - Найдено 0 устройств за последние 1 минут (UTC)
2025-09-30 13:20:37,458 - INFO - Получены данные: {'limit': 10, 'minutes': 1, 'path': '/api/devices'}
2025-09-30 13:20:38,041 - INFO - Found 0 devices manufactured in last 1 minutes (UTC)
2025-09-30 13:20:38,120 - INFO - Найдено 0 устройств за последние 1 минут (UTC)
2025-09-30 13:20:39,239 - INFO - Получены данные: {'client_attrs': {}, 'clientid': '55F8342B', 'event': 'message.publish', 'flags': {'dup': False, 'retain': False}, 'id': '000640021A830271F445000FEA7F0005', 'metadata': {'rule_id': 'postgres_webhook_WH_D'}, 'node': 'emqx@127.0.0.1', 'payload': '{"id":"55F8342B","msg":"RC-103-014352"}', 'peerhost': '192.168.88.74', 'peername': '192.168.88.74:53523', 'pub_props': {'User-Property': {}}, 'publish_received_at': 1759227639169, 'qos': 2, 'timestamp': 1759227639169, 'topic': 'production/ready', 'username': 'undefined'}
2025-09-30 13:20:39,239 - INFO - Данные получены из топика: production/ready
2025-09-30 13:20:39,239 - INFO - Парсинг: barcode=RC-103-014352, topic=production/ready
2025-09-30 13:20:39,449 - INFO - Получены данные: {'limit': 10, 'minutes': 1, 'path': '/api/devices'}
2025-09-30 13:20:39,873 - INFO - Device found: RC-103-014352
2025-09-30 13:20:39,873 - INFO - Current ManufDate: 2025-09-30T10:15:27
2025-09-30 13:20:39,873 - INFO - Current SaleDate: Not set
2025-09-30 13:20:39,950 - INFO - Will set ManufDate to: 2025-09-30T10:20:39.950347
2025-09-30 13:20:40,031 - INFO - Found 0 devices manufactured in last 1 minutes (UTC)
2025-09-30 13:20:40,109 - INFO - Найдено 0 устройств за последние 1 минут (UTC)
2025-09-30 13:20:40,665 - INFO - Manufacturing date updated for RC-103-014352: 2025-09-30T10:20:39.950347
2025-09-30 13:20:40,758 - INFO - Успешно записана manufacturing дата для: RC-103-014352 из топика: production/ready
2025-09-30 13:20:41,442 - INFO - Получены данные: {'limit': 10, 'minutes': 1, 'path': '/api/devices'}
2025-09-30 13:20:42,026 - INFO - Found 1 devices manufactured in last 1 minutes (UTC)
2025-09-30 13:20:42,104 - INFO - Найдено 1 устройств за последние 1 минут (UTC)
2025-09-30 13:20:42,510 - INFO - Получены данные: {'limit': 10, 'minutes': 30, 'path': '/api/devices'}
2025-09-30 13:20:43,192 - INFO - Found 2 devices manufactured in last 30 minutes (UTC)
2025-09-30 13:20:43,285 - INFO - Найдено 2 устройств за последние 30 минут (UTC)
2025-09-30 13:25:19,546 - INFO - Получены данные: {'limit': 10, 'minutes': 30, 'path': '/api/devices'}
2025-09-30 13:25:20,280 - INFO - Found 2 devices manufactured in last 30 minutes (UTC)
2025-09-30 13:25:20,366 - INFO - Найдено 2 устройств за последние 30 минут (UTC)
2025-09-30 13:30:19,556 - INFO - Получены данные: {'limit': 10, 'minutes': 30, 'path': '/api/devices'}
2025-09-30 13:30:20,183 - INFO - Found 1 devices manufactured in last 30 minutes (UTC)
2025-09-30 13:30:20,259 - INFO - Найдено 1 устройств за последние 30 минут (UTC)
2025-09-30 13:35:19,555 - INFO - Получены данные: {'limit': 10, 'minutes': 30, 'path': '/api/devices'}
2025-09-30 13:35:20,202 - INFO - Found 1 devices manufactured in last 30 minutes (UTC)
2025-09-30 13:35:20,279 - INFO - Найдено 1 устройств за последние 30 минут (UTC)
2025-09-30 13:36:20,081 - INFO - Получены данные: {'client_attrs': {}, 'clientid': 'D0D7F013', 'event': 'message.publish', 'flags': {'dup': False, 'retain': False}, 'id': '0006400252971E3BF4450010055D0002', 'metadata': {'rule_id': 'sale_WH_D'}, 'node': 'emqx@127.0.0.1', 'payload': '{"id":"D0D7F013","msg":"FBA15KVQ8S63U000001"}', 'peerhost': '192.168.88.117', 'peername': '192.168.88.117:50601', 'pub_props': {'User-Property': {}}, 'publish_received_at': 1759228580011, 'qos': 2, 'timestamp': 1759228580011, 'topic': 'sale/ready', 'username': 'emqx_user'}
2025-09-30 13:36:20,081 - INFO - Данные получены из топика: sale/ready
2025-09-30 13:36:20,081 - INFO - Парсинг: barcode=FBA15KVQ8S63U000001, topic=sale/ready
2025-09-30 13:36:20,081 - WARNING - Barcode must contain a hyphen (-)
2025-09-30 13:36:32,561 - INFO - Получены данные: {'client_attrs': {}, 'clientid': 'D0D7F013', 'event': 'message.publish', 'flags': {'dup': False, 'retain': False}, 'id': '0006400253558F25F4450010055D0003', 'metadata': {'rule_id': 'sale_WH_D'}, 'node': 'emqx@127.0.0.1', 'payload': '{"id":"D0D7F013","msg":"FBA18Z5238Q2U000001"}', 'peerhost': '192.168.88.117', 'peername': '192.168.88.117:50601', 'pub_props': {'User-Property': {}}, 'publish_received_at': 1759228592492, 'qos': 2, 'timestamp': 1759228592492, 'topic': 'sale/ready', 'username': 'emqx_user'}
2025-09-30 13:36:32,561 - INFO - Данные получены из топика: sale/ready
2025-09-30 13:36:32,561 - INFO - Парсинг: barcode=FBA18Z5238Q2U000001, topic=sale/ready
2025-09-30 13:36:32,561 - WARNING - Barcode must contain a hyphen (-)
2025-09-30 13:40:17,742 - INFO - Получены данные: {'client_attrs': {}, 'clientid': 'D0D7F013', 'event': 'message.publish', 'flags': {'dup': False, 'retain': False}, 'id': '0006400260C1A6A7F445001008440002', 'metadata': {'rule_id': 'sale_WH_D'}, 'node': 'emqx@127.0.0.1', 'payload': '{"id":"D0D7F013","msg":"1222285681220007864500884179351180"}', 'peerhost': '192.168.88.117', 'peername': '192.168.88.117:64009', 'pub_props': {'User-Property': {}}, 'publish_received_at': 1759228817680, 'qos': 2, 'timestamp': 1759228817680, 'topic': 'sale/ready', 'username': 'emqx_user'}
2025-09-30 13:40:17,742 - INFO - Данные получены из топика: sale/ready
2025-09-30 13:40:17,742 - INFO - Парсинг: barcode=1222285681220007864500884179351180, topic=sale/ready
2025-09-30 13:40:17,742 - WARNING - Barcode must contain a hyphen (-)
2025-09-30 13:40:19,556 - INFO - Получены данные: {'limit': 10, 'minutes': 30, 'path': '/api/devices'}
2025-09-30 13:40:20,201 - INFO - Found 1 devices manufactured in last 30 minutes (UTC)
2025-09-30 13:40:20,278 - INFO - Найдено 1 устройств за последние 30 минут (UTC)
2025-09-30 13:41:26,242 - INFO - Получены данные: {'client_attrs': {}, 'clientid': 'D0D7F013', 'event': 'message.publish', 'flags': {'dup': False, 'retain': False}, 'id': '0006400264D6E949F445001008440003', 'metadata': {'rule_id': 'sale_WH_D'}, 'node': 'emqx@127.0.0.1', 'payload': '{"id":"D0D7F013","msg":"RC-103-014352"}', 'peerhost': '192.168.88.117', 'peername': '192.168.88.117:64009', 'pub_props': {'User-Property': {}}, 'publish_received_at': 1759228886182, 'qos': 2, 'timestamp': 1759228886182, 'topic': 'sale/ready', 'username': 'emqx_user'}
2025-09-30 13:41:26,242 - INFO - Данные получены из топика: sale/ready
2025-09-30 13:41:26,242 - INFO - Парсинг: barcode=RC-103-014352, topic=sale/ready
2025-09-30 13:41:26,978 - INFO - Device found: RC-103-014352
2025-09-30 13:41:26,978 - INFO - Current ManufDate: 2025-09-30T10:20:40
2025-09-30 13:41:26,978 - INFO - Current SaleDate: Not set
2025-09-30 13:41:27,069 - INFO - Will set SaleDate to: 2025-09-30T10:41:27.069035
2025-09-30 13:41:27,677 - INFO - Sale date updated for RC-103-014352: 2025-09-30T10:41:27.069035
2025-09-30 13:41:27,754 - INFO - Успешно записана sale дата для: RC-103-014352 из топика: sale/ready
2025-09-30 13:45:19,584 - INFO - Получены данные: {'limit': 10, 'minutes': 30, 'path': '/api/devices'}
2025-09-30 13:45:20,369 - INFO - Found 1 devices manufactured in last 30 minutes (UTC)
2025-09-30 13:45:20,451 - INFO - Найдено 1 устройств за последние 30 минут (UTC)
2025-09-30 13:45:37,123 - INFO - Получены данные: {'client_attrs': {}, 'clientid': 'D0D7F013', 'event': 'message.publish', 'flags': {'dup': False, 'retain': False}, 'id': '0006400273CB01D9F445001008440004', 'metadata': {'rule_id': 'sale_WH_D'}, 'node': 'emqx@127.0.0.1', 'payload': '{"id":"D0D7F013","msg":"1222285681220007864500884179351180"}', 'peerhost': '192.168.88.117', 'peername': '192.168.88.117:64009', 'pub_props': {'User-Property': {}}, 'publish_received_at': 1759229137060, 'qos': 2, 'timestamp': 1759229137060, 'topic': 'sale/ready', 'username': 'emqx_user'}
2025-09-30 13:45:37,123 - INFO - Данные получены из топика: sale/ready
2025-09-30 13:45:37,123 - INFO - Парсинг: barcode=1222285681220007864500884179351180, topic=sale/ready
2025-09-30 13:45:37,123 - WARNING - Ошибка валидации: No matching pattern for barcode length 34
2025-09-30 13:46:40,663 - INFO - Получены данные: {'client_attrs': {}, 'clientid': 'D0D7F013', 'event': 'message.publish', 'flags': {'dup': False, 'retain': False}, 'id': '000640027794995BF445001008440005', 'metadata': {'rule_id': 'sale_WH_D'}, 'node': 'emqx@127.0.0.1', 'payload': '{"id":"D0D7F013","msg":"FBA18Z5238Q2U000001"}', 'peerhost': '192.168.88.117', 'peername': '192.168.88.117:64009', 'pub_props': {'User-Property': {}}, 'publish_received_at': 1759229200603, 'qos': 2, 'timestamp': 1759229200603, 'topic': 'sale/ready', 'username': 'emqx_user'}
2025-09-30 13:46:40,663 - INFO - Данные получены из топика: sale/ready
2025-09-30 13:46:40,663 - INFO - Парсинг: barcode=FBA18Z5238Q2U000001, topic=sale/ready
2025-09-30 13:46:40,663 - WARNING - Ошибка валидации: No matching pattern for barcode length 19
2025-09-30 13:46:47,052 - INFO - Получены данные: {'client_attrs': {}, 'clientid': 'D0D7F013', 'event': 'message.publish', 'flags': {'dup': False, 'retain': False}, 'id': '0006400277F61AE0F445001008440006', 'metadata': {'rule_id': 'sale_WH_D'}, 'node': 'emqx@127.0.0.1', 'payload': '{"id":"D0D7F013","msg":"FBA18Z5238Q2U000001"}', 'peerhost': '192.168.88.117', 'peername': '192.168.88.117:64009', 'pub_props': {'User-Property': {}}, 'publish_received_at': 1759229206993, 'qos': 2, 'timestamp': 1759229206993, 'topic': 'sale/ready', 'username': 'emqx_user'}
2025-09-30 13:46:47,052 - INFO - Данные получены из топика: sale/ready
2025-09-30 13:46:47,052 - INFO - Парсинг: barcode=FBA18Z5238Q2U000001, topic=sale/ready
2025-09-30 13:46:47,052 - WARNING - Ошибка валидации: No matching pattern for barcode length 19
2025-09-30 13:46:54,708 - INFO - Получены данные: {'client_attrs': {}, 'clientid': 'D0D7F013', 'event': 'message.publish', 'flags': {'dup': False, 'retain': False}, 'id': '00064002786AE1BDF445001008440007', 'metadata': {'rule_id': 'sale_WH_D'}, 'node': 'emqx@127.0.0.1', 'payload': '{"id":"D0D7F013","msg":"FBA18Z5238Q2U000002"}', 'peerhost': '192.168.88.117', 'peername': '192.168.88.117:64009', 'pub_props': {'User-Property': {}}, 'publish_received_at': 1759229214646, 'qos': 2, 'timestamp': 1759229214646, 'topic': 'sale/ready', 'username': 'emqx_user'}
2025-09-30 13:46:54,708 - INFO - Данные получены из топика: sale/ready
2025-09-30 13:46:54,708 - INFO - Парсинг: barcode=FBA18Z5238Q2U000002, topic=sale/ready
2025-09-30 13:46:54,708 - WARNING - Ошибка валидации: No matching pattern for barcode length 19
2025-09-30 13:47:07,912 - INFO - Получены данные: {'client_attrs': {}, 'clientid': 'D0D7F013', 'event': 'message.publish', 'flags': {'dup': False, 'retain': False}, 'id': '000640027934435DF445001008440008', 'metadata': {'rule_id': 'sale_WH_D'}, 'node': 'emqx@127.0.0.1', 'payload': '{"id":"D0D7F013","msg":"1222285681220007864500884179351180"}', 'peerhost': '192.168.88.117', 'peername': '192.168.88.117:64009', 'pub_props': {'User-Property': {}}, 'publish_received_at': 1759229227844, 'qos': 2, 'timestamp': 1759229227844, 'topic': 'sale/ready', 'username': 'emqx_user'}
2025-09-30 13:47:07,912 - INFO - Данные получены из топика: sale/ready
2025-09-30 13:47:07,912 - INFO - Парсинг: barcode=1222285681220007864500884179351180, topic=sale/ready
2025-09-30 13:47:07,912 - WARNING - Ошибка валидации: No matching pattern for barcode length 34
2025-09-30 13:48:25,137 - INFO - Получены данные: {'client_attrs': {}, 'clientid': 'D0D7F013', 'event': 'message.publish', 'flags': {'dup': False, 'retain': False}, 'id': '000640027DCEB7E6F445001008440009', 'metadata': {'rule_id': 'sale_WH_D'}, 'node': 'emqx@127.0.0.1', 'payload': '{"id":"D0D7F013","msg":"1222285681220007864500884179351180"}', 'peerhost': '192.168.88.117', 'peername': '192.168.88.117:64009', 'pub_props': {'User-Property': {}}, 'publish_received_at': 1759229305075, 'qos': 2, 'timestamp': 1759229305075, 'topic': 'sale/ready', 'username': 'emqx_user'}
2025-09-30 13:48:25,137 - INFO - Данные получены из топика: sale/ready
2025-09-30 13:48:25,137 - INFO - Парсинг: barcode=1222285681220007864500884179351180, topic=sale/ready
2025-09-30 13:48:25,137 - WARNING - Ошибка валидации: No matching pattern for barcode length 34
2025-09-30 13:48:27,962 - INFO - Получены данные: {'client_attrs': {}, 'clientid': 'D0D7F013', 'event': 'message.publish', 'flags': {'dup': False, 'retain': False}, 'id': '000640027DF9B3E4F44500100844000A', 'metadata': {'rule_id': 'sale_WH_D'}, 'node': 'emqx@127.0.0.1', 'payload': '{"id":"D0D7F013","msg":"1222285681220007864500884179351180"}', 'peerhost': '192.168.88.117', 'peername': '192.168.88.117:64009', 'pub_props': {'User-Property': {}}, 'publish_received_at': 1759229307892, 'qos': 2, 'timestamp': 1759229307892, 'topic': 'sale/ready', 'username': 'emqx_user'}
2025-09-30 13:48:27,962 - INFO - Данные получены из топика: sale/ready
2025-09-30 13:48:27,962 - INFO - Парсинг: barcode=1222285681220007864500884179351180, topic=sale/ready
2025-09-30 13:48:27,962 - WARNING - Ошибка валидации: No matching pattern for barcode length 34
2025-09-30 13:48:30,671 - INFO - Получены данные: {'client_attrs': {}, 'clientid': 'D0D7F013', 'event': 'message.publish', 'flags': {'dup': False, 'retain': False}, 'id': '000640027E231DA0F44500100844000B', 'metadata': {'rule_id': 'sale_WH_D'}, 'node': 'emqx@127.0.0.1', 'payload': '{"id":"D0D7F013","msg":"FBA18Z5238Q2U000001"}', 'peerhost': '192.168.88.117', 'peername': '192.168.88.117:64009', 'pub_props': {'User-Property': {}}, 'publish_received_at': 1759229310606, 'qos': 2, 'timestamp': 1759229310606, 'topic': 'sale/ready', 'username': 'emqx_user'}
2025-09-30 13:48:30,671 - INFO - Данные получены из топика: sale/ready
2025-09-30 13:48:30,671 - INFO - Парсинг: barcode=FBA18Z5238Q2U000001, topic=sale/ready
2025-09-30 13:48:30,671 - WARNING - Ошибка валидации: No matching pattern for barcode length 19
2025-09-30 13:49:20,689 - INFO - Получены данные: {'client_attrs': {}, 'clientid': 'D0D7F013', 'event': 'message.publish', 'flags': {'dup': False, 'retain': False}, 'id': '0006400280397ABBF44500100844000C', 'metadata': {'rule_id': 'sale_WH_D'}, 'node': 'emqx@127.0.0.1', 'payload': '{"id":"D0D7F013","msg":"1222285681220007864500884179351180"}', 'peerhost': '192.168.88.117', 'peername': '192.168.88.117:64009', 'pub_props': {'User-Property': {}}, 'publish_received_at': 1759229345626, 'qos': 2, 'timestamp': 1759229345626, 'topic': 'sale/ready', 'username': 'emqx_user'}
2025-09-30 13:49:20,689 - INFO - Данные получены из топика: sale/ready
2025-09-30 13:49:20,689 - INFO - Парсинг: barcode=1222285681220007864500884179351180, topic=sale/ready
2025-09-30 13:49:20,689 - WARNING - Ошибка валидации: No matching pattern for barcode length 34
2025-09-30 13:50:18,658 - INFO - Получены данные: {'client_attrs': {}, 'clientid': 'D0D7F013', 'event': 'message.publish', 'flags': {'dup': False, 'retain': False}, 'id': '000640028492E046F44500100844000D', 'metadata': {'rule_id': 'sale_WH_D'}, 'node': 'emqx@127.0.0.1', 'payload': '{"id":"D0D7F013","msg":"1222285681220007864500884179351180"}', 'peerhost': '192.168.88.117', 'peername': '192.168.88.117:64009', 'pub_props': {'User-Property': {}}, 'publish_received_at': 1759229418594, 'qos': 2, 'timestamp': 1759229418594, 'topic': 'sale/ready', 'username': 'emqx_user'}
2025-09-30 13:50:18,659 - INFO - Данные получены из топика: sale/ready
2025-09-30 13:50:18,659 - INFO - Парсинг: barcode=1222285681220007864500884179351180, topic=sale/ready
2025-09-30 13:50:18,659 - INFO - Валидация OK: type=Shopify, serial=884179351180
2025-09-30 13:50:19,343 - WARNING - Device with serial number 884179351180 not found
2025-09-30 13:50:19,425 - ERROR - Ошибка записи sale даты для: 884179351180
2025-09-30 13:50:19,573 - INFO - Получены данные: {'limit': 10, 'minutes': 30, 'path': '/api/devices'}
2025-09-30 13:50:20,182 - INFO - Found 1 devices manufactured in last 30 minutes (UTC)
2025-09-30 13:50:20,264 - INFO - Найдено 1 устройств за последние 30 минут (UTC)
2025-09-30 13:50:40,346 - INFO - Получены данные: {'client_attrs': {}, 'clientid': 'D0D7F013', 'event': 'message.publish', 'flags': {'dup': False, 'retain': False}, 'id': '0006400285DDD144F44500100844000E', 'metadata': {'rule_id': 'sale_WH_D'}, 'node': 'emqx@127.0.0.1', 'payload': '{"id":"D0D7F013","msg":"FBA15KVQ8S63U000001"}', 'peerhost': '192.168.88.117', 'peername': '192.168.88.117:64009', 'pub_props': {'User-Property': {}}, 'publish_received_at': 1759229440282, 'qos': 2, 'timestamp': 1759229440283, 'topic': 'sale/ready', 'username': 'emqx_user'}
2025-09-30 13:50:40,346 - INFO - Данные получены из топика: sale/ready
2025-09-30 13:50:40,346 - INFO - Парсинг: barcode=FBA15KVQ8S63U000001, topic=sale/ready
2025-09-30 13:50:40,347 - WARNING - Ошибка валидации: No matching pattern for barcode length 19
2025-09-30 13:50:45,967 - INFO - Получены данные: {'client_attrs': {}, 'clientid': 'D0D7F013', 'event': 'message.publish', 'flags': {'dup': False, 'retain': False}, 'id': '000640028633812EF44500100844000F', 'metadata': {'rule_id': 'sale_WH_D'}, 'node': 'emqx@127.0.0.1', 'payload': '{"id":"D0D7F013","msg":"1222285681220007864500884179351180"}', 'peerhost': '192.168.88.117', 'peername': '192.168.88.117:64009', 'pub_props': {'User-Property': {}}, 'publish_received_at': 1759229445898, 'qos': 2, 'timestamp': 1759229445898, 'topic': 'sale/ready', 'username': 'emqx_user'}
2025-09-30 13:50:45,967 - INFO - Данные получены из топика: sale/ready
2025-09-30 13:50:45,968 - INFO - Парсинг: barcode=1222285681220007864500884179351180, topic=sale/ready
2025-09-30 13:50:45,968 - INFO - Валидация OK: type=Shopify, serial=884179351180
2025-09-30 13:50:46,585 - WARNING - Device with serial number 884179351180 not found
2025-09-30 13:50:46,668 - ERROR - Ошибка записи sale даты для: 884179351180
2025-09-30 13:50:55,463 - INFO - Получены данные: {'client_attrs': {}, 'clientid': 'D0D7F013', 'event': 'message.publish', 'flags': {'dup': False, 'retain': False}, 'id': '0006400286C45C46F445001008440010', 'metadata': {'rule_id': 'sale_WH_D'}, 'node': 'emqx@127.0.0.1', 'payload': '{"id":"D0D7F013","msg":"FBA15KVQ8S63U000001"}', 'peerhost': '192.168.88.117', 'peername': '192.168.88.117:64009', 'pub_props': {'User-Property': {}}, 'publish_received_at': 1759229455391, 'qos': 2, 'timestamp': 1759229455391, 'topic': 'sale/ready', 'username': 'emqx_user'}
2025-09-30 13:50:55,464 - INFO - Данные получены из топика: sale/ready
2025-09-30 13:50:55,464 - INFO - Парсинг: barcode=FBA15KVQ8S63U000001, topic=sale/ready
2025-09-30 13:50:55,464 - WARNING - Ошибка валидации: No matching pattern for barcode length 19
2025-09-30 13:51:01,547 - INFO - Получены данные: {'client_attrs': {}, 'clientid': 'D0D7F013', 'event': 'message.publish', 'flags': {'dup': False, 'retain': False}, 'id': '0006400287213838F445001008440011', 'metadata': {'rule_id': 'sale_WH_D'}, 'node': 'emqx@127.0.0.1', 'payload': '{"id":"D0D7F013","msg":"FBA18Z5238Q2U000001"}', 'peerhost': '192.168.88.117', 'peername': '192.168.88.117:64009', 'pub_props': {'User-Property': {}}, 'publish_received_at': 1759229461477, 'qos': 2, 'timestamp': 1759229461477, 'topic': 'sale/ready', 'username': 'emqx_user'}
2025-09-30 13:51:01,547 - INFO - Данные получены из топика: sale/ready
2025-09-30 13:51:01,547 - INFO - Парсинг: barcode=FBA18Z5238Q2U000001, topic=sale/ready
2025-09-30 13:51:01,547 - WARNING - Ошибка валидации: No matching pattern for barcode length 19
2025-09-30 13:52:31,853 - INFO - Получены данные: {'client_attrs': {}, 'clientid': 'D0D7F013', 'event': 'message.publish', 'flags': {'dup': False, 'retain': False}, 'id': '000640028C834248F445001008440012', 'metadata': {'rule_id': 'sale_WH_D'}, 'node': 'emqx@127.0.0.1', 'payload': '{"id":"D0D7F013","msg":"FBA18Z5238Q2U000001"}', 'peerhost': '192.168.88.117', 'peername': '192.168.88.117:64009', 'pub_props': {'User-Property': {}}, 'publish_received_at': 1759229551788, 'qos': 2, 'timestamp': 1759229551788, 'topic': 'sale/ready', 'username': 'emqx_user'}
2025-09-30 13:52:31,853 - INFO - Данные получены из топика: sale/ready
2025-09-30 13:52:31,853 - INFO - Парсинг: barcode=FBA18Z5238Q2U000001, topic=sale/ready
2025-09-30 13:52:31,853 - WARNING - Ошибка валидации: No matching pattern for barcode length 19
2025-09-30 13:52:37,987 - INFO - Получены данные: {'client_attrs': {}, 'clientid': 'D0D7F013', 'event': 'message.publish', 'flags': {'dup': False, 'retain': False}, 'id': '000640028CE0D047F445001008440013', 'metadata': {'rule_id': 'sale_WH_D'}, 'node': 'emqx@127.0.0.1', 'payload': '{"id":"D0D7F013","msg":"FBA18Z5238Q2U000002"}', 'peerhost': '192.168.88.117', 'peername': '192.168.88.117:64009', 'pub_props': {'User-Property': {}}, 'publish_received_at': 1759229557919, 'qos': 2, 'timestamp': 1759229557919, 'topic': 'sale/ready', 'username': 'emqx_user'}
2025-09-30 13:52:37,987 - INFO - Данные получены из топика: sale/ready
2025-09-30 13:52:37,987 - INFO - Парсинг: barcode=FBA18Z5238Q2U000002, topic=sale/ready
2025-09-30 13:52:37,987 - WARNING - Ошибка валидации: No matching pattern for barcode length 19
2025-09-30 13:52:40,792 - INFO - Получены данные: {'client_attrs': {}, 'clientid': 'D0D7F013', 'event': 'message.publish', 'flags': {'dup': False, 'retain': False}, 'id': '000640028D0B8FC2F445001008440014', 'metadata': {'rule_id': 'sale_WH_D'}, 'node': 'emqx@127.0.0.1', 'payload': '{"id":"D0D7F013","msg":"FBA15KVQ8S63U000001"}', 'peerhost': '192.168.88.117', 'peername': '192.168.88.117:64009', 'pub_props': {'User-Property': {}}, 'publish_received_at': 1759229560721, 'qos': 2, 'timestamp': 1759229560721, 'topic': 'sale/ready', 'username': 'emqx_user'}
2025-09-30 13:52:40,792 - INFO - Данные получены из топика: sale/ready
2025-09-30 13:52:40,792 - INFO - Парсинг: barcode=FBA15KVQ8S63U000001, topic=sale/ready
2025-09-30 13:52:40,792 - WARNING - Ошибка валидации: No matching pattern for barcode length 19
2025-09-30 13:54:16,019 - INFO - Получены данные: {'client_attrs': {}, 'clientid': 'D0D7F013', 'event': 'message.publish', 'flags': {'dup': False, 'retain': False}, 'id': '0006400292B8B6B4F445001008440015', 'metadata': {'rule_id': 'sale_WH_D'}, 'node': 'emqx@127.0.0.1', 'payload': '{"id":"D0D7F013","msg":"FBA15KVQ8S63U000001"}', 'peerhost': '192.168.88.117', 'peername': '192.168.88.117:64009', 'pub_props': {'User-Property': {}}, 'publish_received_at': 1759229655955, 'qos': 2, 'timestamp': 1759229655955, 'topic': 'sale/ready', 'username': 'emqx_user'}
2025-09-30 13:54:16,019 - INFO - Данные получены из топика: sale/ready
2025-09-30 13:54:16,019 - INFO - Парсинг: barcode=FBA15KVQ8S63U000001, topic=sale/ready
2025-09-30 13:54:16,019 - WARNING - Ошибка валидации: No matching pattern for barcode length 19
2025-09-30 13:54:25,627 - INFO - Получены данные: {'client_attrs': {}, 'clientid': 'D0D7F013', 'event': 'message.publish', 'flags': {'dup': False, 'retain': False}, 'id': '00064002934B3F95F445001008440016', 'metadata': {'rule_id': 'sale_WH_D'}, 'node': 'emqx@127.0.0.1', 'payload': '{"id":"D0D7F013","msg":"FBA15KVQ8S63U000001"}', 'peerhost': '192.168.88.117', 'peername': '192.168.88.117:64009', 'pub_props': {'User-Property': {}}, 'publish_received_at': 1759229665558, 'qos': 2, 'timestamp': 1759229665558, 'topic': 'sale/ready', 'username': 'emqx_user'}
2025-09-30 13:54:25,627 - INFO - Данные получены из топика: sale/ready
2025-09-30 13:54:25,627 - INFO - Парсинг: barcode=FBA15KVQ8S63U000001, topic=sale/ready
2025-09-30 13:54:25,627 - WARNING - Ошибка валидации: No matching pattern for barcode length 19
2025-09-30 13:55:47,833 - INFO - Получены данные: {'limit': 10, 'minutes': 30, 'path': '/api/devices'}
2025-09-30 13:55:48,626 - INFO - Found 0 devices manufactured in last 30 minutes (UTC)
2025-09-30 13:55:48,709 - INFO - Найдено 0 устройств за последние 30 минут (UTC)
2025-09-30 13:55:53,605 - INFO - Получены данные: {'client_attrs': {}, 'clientid': 'D0D7F013', 'event': 'message.publish', 'flags': {'dup': False, 'retain': False}, 'id': '000640029889ABCCF445001008440017', 'metadata': {'rule_id': 'sale_WH_D'}, 'node': 'emqx@127.0.0.1', 'payload': '{"id":"D0D7F013","msg":"1222285681220007864500884179351180"}', 'peerhost': '192.168.88.117', 'peername': '192.168.88.117:64009', 'pub_props': {'User-Property': {}}, 'publish_received_at': 1759229753535, 'qos': 2, 'timestamp': 1759229753535, 'topic': 'sale/ready', 'username': 'emqx_user'}
2025-09-30 13:55:53,605 - INFO - Данные получены из топика: sale/ready
2025-09-30 13:55:53,605 - INFO - Парсинг: barcode=1222285681220007864500884179351180, topic=sale/ready
2025-09-30 13:55:53,605 - WARNING - Ошибка валидации: No matching pattern for barcode length 34
2025-09-30 13:56:36,901 - INFO - Получены данные: {'client_attrs': {}, 'clientid': 'D0D7F013', 'event': 'message.publish', 'flags': {'dup': False, 'retain': False}, 'id': '000640029B1E668BF445001008440018', 'metadata': {'rule_id': 'sale_WH_D'}, 'node': 'emqx@127.0.0.1', 'payload': '{"id":"D0D7F013","msg":"1222285681220007864500884179351180"}', 'peerhost': '192.168.88.117', 'peername': '192.168.88.117:64009', 'pub_props': {'User-Property': {}}, 'publish_received_at': 1759229796837, 'qos': 2, 'timestamp': 1759229796837, 'topic': 'sale/ready', 'username': 'emqx_user'}
2025-09-30 13:56:36,901 - INFO - Данные получены из топика: sale/ready
2025-09-30 13:56:36,901 - INFO - Парсинг: barcode=1222285681220007864500884179351180, topic=sale/ready
2025-09-30 13:56:36,901 - INFO - Валидация OK: type=Shopify, serial=884179351180
2025-09-30 13:56:37,649 - WARNING - Device with serial number 884179351180 not found
2025-09-30 13:56:37,740 - ERROR - Ошибка записи sale даты для: 884179351180
2025-09-30 13:56:52,615 - INFO - Получены данные: {'client_attrs': {}, 'clientid': 'D0D7F013', 'event': 'message.publish', 'flags': {'dup': False, 'retain': False}, 'id': '000640029C0E33CFF445001008440019', 'metadata': {'rule_id': 'sale_WH_D'}, 'node': 'emqx@127.0.0.1', 'payload': '{"id":"D0D7F013","msg":"FBA15KVQ8S63U000001"}', 'peerhost': '192.168.88.117', 'peername': '192.168.88.117:64009', 'pub_props': {'User-Property': {}}, 'publish_received_at': 1759229812552, 'qos': 2, 'timestamp': 1759229812552, 'topic': 'sale/ready', 'username': 'emqx_user'}
2025-09-30 13:56:52,615 - INFO - Данные получены из топика: sale/ready
2025-09-30 13:56:52,615 - INFO - Парсинг: barcode=FBA15KVQ8S63U000001, topic=sale/ready
2025-09-30 13:56:52,615 - WARNING - Ошибка валидации: No matching pattern for barcode length 19
2025-09-30 13:57:15,214 - INFO - Получены данные: {'client_attrs': {}, 'clientid': 'D0D7F013', 'event': 'message.publish', 'flags': {'dup': False, 'retain': False}, 'id': '000640029D671452F44500100844001A', 'metadata': {'rule_id': 'sale_WH_D'}, 'node': 'emqx@127.0.0.1', 'payload': '{"id":"D0D7F013","msg":"FBA18Z5238Q2U000001"}', 'peerhost': '192.168.88.117', 'peername': '192.168.88.117:64009', 'pub_props': {'User-Property': {}}, 'publish_received_at': 1759229835154, 'qos': 2, 'timestamp': 1759229835154, 'topic': 'sale/ready', 'username': 'emqx_user'}
2025-09-30 13:57:15,214 - INFO - Данные получены из топика: sale/ready
2025-09-30 13:57:15,214 - INFO - Парсинг: barcode=FBA18Z5238Q2U000001, topic=sale/ready
2025-09-30 13:57:15,214 - WARNING - Ошибка валидации: No matching pattern for barcode length 19
2025-09-30 13:59:49,124 - INFO - Получены данные: {'client_attrs': {}, 'clientid': 'D0D7F013', 'event': 'message.publish', 'flags': {'dup': False, 'retain': False}, 'id': '00064002A6938373F44500100844001B', 'metadata': {'rule_id': 'sale_WH_D'}, 'node': 'emqx@127.0.0.1', 'payload': '{"id":"D0D7F013","msg":"FBA15KVQ8S63U000001"}', 'peerhost': '192.168.88.117', 'peername': '192.168.88.117:64009', 'pub_props': {'User-Property': {}}, 'publish_received_at': 1759229989061, 'qos': 2, 'timestamp': 1759229989061, 'topic': 'sale/ready', 'username': 'emqx_user'}
2025-09-30 13:59:49,124 - INFO - Данные получены из топика: sale/ready
2025-09-30 13:59:49,124 - INFO - Парсинг: barcode=FBA15KVQ8S63U000001, topic=sale/ready
2025-09-30 13:59:49,124 - INFO - Валидация OK: type=Amazon, serial=FBA15KVQ8S63
2025-09-30 13:59:49,837 - WARNING - Device with serial number FBA15KVQ8S63 not found
2025-09-30 13:59:49,924 - ERROR - Ошибка записи sale даты для: FBA15KVQ8S63
2025-09-30 13:59:59,799 - INFO - Получены данные: {'client_attrs': {}, 'clientid': 'D0D7F013', 'event': 'message.publish', 'flags': {'dup': False, 'retain': False}, 'id': '00064002A7365804F44500100844001C', 'metadata': {'rule_id': 'sale_WH_D'}, 'node': 'emqx@127.0.0.1', 'payload': '{"id":"D0D7F013","msg":"FBA15KVQ8S63U000001"}', 'peerhost': '192.168.88.117', 'peername': '192.168.88.117:64009', 'pub_props': {'User-Property': {}}, 'publish_received_at': 1759229999732, 'qos': 2, 'timestamp': 1759229999732, 'topic': 'sale/ready', 'username': 'emqx_user'}
2025-09-30 13:59:59,799 - INFO - Данные получены из топика: sale/ready
2025-09-30 13:59:59,799 - INFO - Парсинг: barcode=FBA15KVQ8S63U000001, topic=sale/ready
2025-09-30 13:59:59,799 - INFO - Валидация OK: type=Amazon, serial=FBA15KVQ8S63
2025-09-30 14:00:00,443 - WARNING - Device with serial number FBA15KVQ8S63 not found
2025-09-30 14:00:00,529 - ERROR - Ошибка записи sale даты для: FBA15KVQ8S63
2025-09-30 14:00:10,187 - INFO - Получены данные: {'client_attrs': {}, 'clientid': 'D0D7F013', 'event': 'message.publish', 'flags': {'dup': False, 'retain': False}, 'id': '00064002A7D4CE90F44500100844001D', 'metadata': {'rule_id': 'sale_WH_D'}, 'node': 'emqx@127.0.0.1', 'payload': '{"id":"D0D7F013","msg":"FBA18Z5238Q2U000001"}', 'peerhost': '192.168.88.117', 'peername': '192.168.88.117:64009', 'pub_props': {'User-Property': {}}, 'publish_received_at': 1759230010117, 'qos': 2, 'timestamp': 1759230010117, 'topic': 'sale/ready', 'username': 'emqx_user'}
2025-09-30 14:00:10,187 - INFO - Данные получены из топика: sale/ready
2025-09-30 14:00:10,187 - INFO - Парсинг: barcode=FBA18Z5238Q2U000001, topic=sale/ready
2025-09-30 14:00:10,187 - INFO - Валидация OK: type=Amazon, serial=FBA18Z5238Q2
2025-09-30 14:00:10,768 - WARNING - Device with serial number FBA18Z5238Q2 not found
2025-09-30 14:00:10,844 - ERROR - Ошибка записи sale даты для: FBA18Z5238Q2
2025-09-30 14:00:14,483 - INFO - Получены данные: {'client_attrs': {}, 'clientid': 'D0D7F013', 'event': 'message.publish', 'flags': {'dup': False, 'retain': False}, 'id': '00064002A8167F13F44500100844001E', 'metadata': {'rule_id': 'sale_WH_D'}, 'node': 'emqx@127.0.0.1', 'payload': '{"id":"D0D7F013","msg":"FBA18Z5238Q2U000002"}', 'peerhost': '192.168.88.117', 'peername': '192.168.88.117:64009', 'pub_props': {'User-Property': {}}, 'publish_received_at': 1759230014422, 'qos': 2, 'timestamp': 1759230014422, 'topic': 'sale/ready', 'username': 'emqx_user'}
2025-09-30 14:00:14,483 - INFO - Данные получены из топика: sale/ready
2025-09-30 14:00:14,483 - INFO - Парсинг: barcode=FBA18Z5238Q2U000002, topic=sale/ready
2025-09-30 14:00:14,483 - INFO - Валидация OK: type=Amazon, serial=FBA18Z5238Q2
2025-09-30 14:00:15,183 - WARNING - Device with serial number FBA18Z5238Q2 not found
2025-09-30 14:00:15,276 - ERROR - Ошибка записи sale даты для: FBA18Z5238Q2
2025-09-30 14:00:19,468 - INFO - Получены данные: {'client_attrs': {}, 'clientid': 'D0D7F013', 'event': 'message.publish', 'flags': {'dup': False, 'retain': False}, 'id': '00064002A86284D1F44500100844001F', 'metadata': {'rule_id': 'sale_WH_D'}, 'node': 'emqx@127.0.0.1', 'payload': '{"id":"D0D7F013","msg":"1222285681220007864500884179351180"}', 'peerhost': '192.168.88.117', 'peername': '192.168.88.117:64009', 'pub_props': {'User-Property': {}}, 'publish_received_at': 1759230019405, 'qos': 2, 'timestamp': 1759230019405, 'topic': 'sale/ready', 'username': 'emqx_user'}
2025-09-30 14:00:19,468 - INFO - Данные получены из топика: sale/ready
2025-09-30 14:00:19,468 - INFO - Парсинг: barcode=1222285681220007864500884179351180, topic=sale/ready
2025-09-30 14:00:19,468 - INFO - Валидация OK: type=Shopify, serial=884179351180
2025-09-30 14:00:20,189 - WARNING - Device with serial number 884179351180 not found
2025-09-30 14:00:20,278 - ERROR - Ошибка записи sale даты для: 884179351180
2025-09-30 14:00:47,623 - INFO - Получены данные: {'limit': 10, 'minutes': 30, 'path': '/api/devices'}
2025-09-30 14:00:48,197 - INFO - Found 0 devices manufactured in last 30 minutes (UTC)
2025-09-30 14:00:48,273 - INFO - Найдено 0 устройств за последние 30 минут (UTC)
2025-09-30 14:02:13,972 - INFO - Received data: {'client_attrs': {}, 'clientid': 'D0D7F013', 'event': 'message.publish', 'flags': {'dup': False, 'retain': False}, 'id': '00064002AF359BFDF445001008440020', 'metadata': {'rule_id': 'sale_WH_D'}, 'node': 'emqx@127.0.0.1', 'payload': '{"id":"D0D7F013","msg":"FBA18Z5238Q2U000001"}', 'peerhost': '192.168.88.117', 'peername': '192.168.88.117:64009', 'pub_props': {'User-Property': {}}, 'publish_received_at': 1759230133902, 'qos': 2, 'timestamp': 1759230133902, 'topic': 'sale/ready', 'username': 'emqx_user'}
2025-09-30 14:02:13,972 - INFO - Data from topic: sale/ready
2025-09-30 14:02:13,972 - INFO - Parsing: barcode=FBA18Z5238Q2U000001, topic=sale/ready
2025-09-30 14:02:13,972 - INFO - Validation OK: type=Amazon, serial=FBA18Z5238Q2
2025-09-30 14:02:21,084 - INFO - Received data: {'client_attrs': {}, 'clientid': 'D0D7F013', 'event': 'message.publish', 'flags': {'dup': False, 'retain': False}, 'id': '00064002AFA24649F445001008440021', 'metadata': {'rule_id': 'sale_WH_D'}, 'node': 'emqx@127.0.0.1', 'payload': '{"id":"D0D7F013","msg":"FBA18Z5238Q2U000002"}', 'peerhost': '192.168.88.117', 'peername': '192.168.88.117:64009', 'pub_props': {'User-Property': {}}, 'publish_received_at': 1759230141023, 'qos': 2, 'timestamp': 1759230141023, 'topic': 'sale/ready', 'username': 'emqx_user'}
2025-09-30 14:02:21,084 - INFO - Data from topic: sale/ready
2025-09-30 14:02:21,084 - INFO - Parsing: barcode=FBA18Z5238Q2U000002, topic=sale/ready
2025-09-30 14:02:21,084 - INFO - Validation OK: type=Amazon, serial=FBA18Z5238Q2
2025-09-30 14:03:00,894 - INFO - Received data: {'client_attrs': {}, 'clientid': 'D0D7F013', 'event': 'message.publish', 'flags': {'dup': False, 'retain': False}, 'id': '00064002B20190B4F445001008440022', 'metadata': {'rule_id': 'sale_WH_D'}, 'node': 'emqx@127.0.0.1', 'payload': '{"id":"D0D7F013","msg":"1222285681220007864500884179351180"}', 'peerhost': '192.168.88.117', 'peername': '192.168.88.117:64009', 'pub_props': {'User-Property': {}}, 'publish_received_at': 1759230180823, 'qos': 2, 'timestamp': 1759230180823, 'topic': 'sale/ready', 'username': 'emqx_user'}
2025-09-30 14:03:00,894 - INFO - Data from topic: sale/ready
2025-09-30 14:03:00,894 - INFO - Parsing: barcode=1222285681220007864500884179351180, topic=sale/ready
2025-09-30 14:03:00,894 - INFO - Validation OK: type=Shopify, serial=884179351180
2025-09-30 14:03:04,745 - INFO - Received data: {'client_attrs': {}, 'clientid': 'D0D7F013', 'event': 'message.publish', 'flags': {'dup': False, 'retain': False}, 'id': '00064002B23C55E0F445001008440023', 'metadata': {'rule_id': 'sale_WH_D'}, 'node': 'emqx@127.0.0.1', 'payload': '{"id":"D0D7F013","msg":"RC-103-014352"}', 'peerhost': '192.168.88.117', 'peername': '192.168.88.117:64009', 'pub_props': {'User-Property': {}}, 'publish_received_at': 1759230184674, 'qos': 2, 'timestamp': 1759230184674, 'topic': 'sale/ready', 'username': 'emqx_user'}
2025-09-30 14:03:04,745 - INFO - Data from topic: sale/ready
2025-09-30 14:03:04,745 - INFO - Parsing: barcode=RC-103-014352, topic=sale/ready
2025-09-30 14:03:04,745 - WARNING - Validation error: No matching pattern for barcode length 13
2025-09-30 14:04:50,596 - INFO - Received data: {'client_attrs': {}, 'clientid': 'D0D7F013', 'event': 'message.publish', 'flags': {'dup': False, 'retain': False}, 'id': '00064002B88B81DBF445001008440024', 'metadata': {'rule_id': 'sale_WH_D'}, 'node': 'emqx@127.0.0.1', 'payload': '{"id":"D0D7F013","msg":"RC-103-014352"}', 'peerhost': '192.168.88.117', 'peername': '192.168.88.117:64009', 'pub_props': {'User-Property': {}}, 'publish_received_at': 1759230290526, 'qos': 2, 'timestamp': 1759230290526, 'topic': 'sale/ready', 'username': 'emqx_user'}
2025-09-30 14:04:50,596 - INFO - Data from topic: sale/ready
2025-09-30 14:04:50,596 - INFO - Parsing: barcode=RC-103-014352, topic=sale/ready
2025-09-30 14:04:50,597 - INFO - Validation OK: type=RC, serial=RC-103-014352
2025-09-30 14:04:57,604 - INFO - Received data: {'client_attrs': {}, 'clientid': 'D0D7F013', 'event': 'message.publish', 'flags': {'dup': False, 'retain': False}, 'id': '00064002B8F65884F445001008440025', 'metadata': {'rule_id': 'sale_WH_D'}, 'node': 'emqx@127.0.0.1', 'payload': '{"id":"D0D7F013","msg":"FBA15KVQ8S63U000001"}', 'peerhost': '192.168.88.117', 'peername': '192.168.88.117:64009', 'pub_props': {'User-Property': {}}, 'publish_received_at': 1759230297528, 'qos': 2, 'timestamp': 1759230297528, 'topic': 'sale/ready', 'username': 'emqx_user'}
2025-09-30 14:04:57,604 - INFO - Data from topic: sale/ready
2025-09-30 14:04:57,604 - INFO - Parsing: barcode=FBA15KVQ8S63U000001, topic=sale/ready
2025-09-30 14:04:57,604 - INFO - Validation OK: type=Amazon, serial=FBA15KVQ8S63
2025-09-30 14:04:59,764 - INFO - Received data: {'client_attrs': {}, 'clientid': 'D0D7F013', 'event': 'message.publish', 'flags': {'dup': False, 'retain': False}, 'id': '00064002B9175E83F445001008440026', 'metadata': {'rule_id': 'sale_WH_D'}, 'node': 'emqx@127.0.0.1', 'payload': '{"id":"D0D7F013","msg":"FBA18Z5238Q2U000001"}', 'peerhost': '192.168.88.117', 'peername': '192.168.88.117:64009', 'pub_props': {'User-Property': {}}, 'publish_received_at': 1759230299692, 'qos': 2, 'timestamp': 1759230299692, 'topic': 'sale/ready', 'username': 'emqx_user'}
2025-09-30 14:04:59,764 - INFO - Data from topic: sale/ready
2025-09-30 14:04:59,764 - INFO - Parsing: barcode=FBA18Z5238Q2U000001, topic=sale/ready
2025-09-30 14:04:59,764 - INFO - Validation OK: type=Amazon, serial=FBA18Z5238Q2
2025-09-30 14:05:47,795 - INFO - Получены данные: {'limit': 10, 'minutes': 30, 'path': '/api/devices'}
2025-09-30 14:05:48,531 - INFO - Found 0 devices manufactured in last 30 minutes (UTC)
2025-09-30 14:05:48,615 - INFO - Найдено 0 устройств за последние 30 минут (UTC)
2025-09-30 14:10:47,628 - INFO - Получены данные: {'limit': 10, 'minutes': 30, 'path': '/api/devices'}
2025-09-30 14:10:48,401 - INFO - Found 0 devices manufactured in last 30 minutes (UTC)
2025-09-30 14:10:48,488 - INFO - Найдено 0 устройств за последние 30 минут (UTC)
2025-09-30 14:15:47,825 - INFO - Получены данные: {'limit': 10, 'minutes': 30, 'path': '/api/devices'}
2025-09-30 14:15:48,526 - INFO - Found 0 devices manufactured in last 30 minutes (UTC)
2025-09-30 14:15:48,605 - INFO - Найдено 0 устройств за последние 30 минут (UTC)
2025-09-30 14:20:47,653 - INFO - Получены данные: {'limit': 10, 'minutes': 30, 'path': '/api/devices'}
2025-09-30 14:20:48,412 - INFO - Found 0 devices manufactured in last 30 minutes (UTC)
2025-09-30 14:20:48,499 - INFO - Найдено 0 устройств за последние 30 минут (UTC)
2025-09-30 14:25:19,827 - INFO - Получены данные: {'limit': 10, 'minutes': 30, 'path': '/api/devices'}
2025-09-30 14:25:20,562 - INFO - Found 0 devices manufactured in last 30 minutes (UTC)
2025-09-30 14:25:20,652 - INFO - Найдено 0 устройств за последние 30 минут (UTC)
2025-09-30 14:30:47,844 - INFO - Получены данные: {'limit': 10, 'minutes': 30, 'path': '/api/devices'}
2025-09-30 14:30:48,604 - INFO - Found 0 devices manufactured in last 30 minutes (UTC)
2025-09-30 14:30:48,680 - INFO - Найдено 0 устройств за последние 30 минут (UTC)
2025-09-30 14:35:19,862 - INFO - Получены данные: {'limit': 10, 'minutes': 30, 'path': '/api/devices'}
2025-09-30 14:35:20,500 - INFO - Found 0 devices manufactured in last 30 minutes (UTC)
2025-09-30 14:35:20,576 - INFO - Найдено 0 устройств за последние 30 минут (UTC)
2025-09-30 14:40:47,673 - INFO - Получены данные: {'limit': 10, 'minutes': 30, 'path': '/api/devices'}
2025-09-30 14:40:48,343 - INFO - Found 0 devices manufactured in last 30 minutes (UTC)
2025-09-30 14:40:48,425 - INFO - Найдено 0 устройств за последние 30 минут (UTC)
