2025-09-29 14:40:41,680 - INFO - Получены данные: {'path': '/api/devices', 'limit': 10, 'minutes': 30}
2025-09-29 14:40:41,680 - ERROR - Ошибка получения устройств: dict.get() takes no keyword arguments
2025-09-29 14:42:10,351 - INFO - Получены данные: {'path': '/api/devices', 'limit': 10, 'minutes': 30}
2025-09-29 14:42:11,233 - INFO - Найдено 1 устройств за последние 30 минут (UTC)
2025-09-29 14:44:48,462 - INFO - Получены данные: {'limit': 10, 'minutes': 30, 'path': '/api/devices'}
2025-09-29 14:44:49,187 - INFO - Найдено 1 устройств за последние 30 минут (UTC)
2025-09-30 11:34:01,285 - INFO - Получены данные: {'limit': 10, 'minutes': 30, 'path': '/api/devices'}
2025-09-30 11:34:02,093 - INFO - Найдено 0 устройств за последние 30 минут (UTC)
2025-09-30 11:36:43,166 - INFO - Получены данные: {'limit': 10, 'minutes': 30, 'path': '/api/devices'}
2025-09-30 11:36:44,022 - INFO - Найдено 1 устройств за последние 30 минут (UTC)
2025-09-30 11:39:39,876 - INFO - Получены данные: {'limit': 10, 'minutes': 1, 'path': '/api/devices'}
2025-09-30 11:39:40,735 - INFO - Найдено 1 устройств за последние 1 минут (UTC)
2025-09-30 11:40:06,208 - INFO - Получены данные: {'limit': 10, 'minutes': 30, 'path': '/api/devices'}
2025-09-30 11:40:07,071 - INFO - Найдено 1 устройств за последние 30 минут (UTC)
2025-09-30 11:42:07,278 - INFO - Получены данные: {'limit': 10, 'minutes': 1, 'path': '/api/devices'}
2025-09-30 11:42:08,256 - INFO - Найдено 1 устройств за последние 1 минут (UTC)
2025-09-30 11:48:28,230 - INFO - Получены данные: {'limit': 10, 'minutes': 1, 'path': '/api/devices'}
2025-09-30 11:48:28,950 - INFO - Найдено 1 устройств за последние 1 минут (UTC)
2025-09-30 12:00:32,933 - INFO - Получены данные: {'limit': 10, 'minutes': 1, 'path': '/api/devices'}
2025-09-30 12:00:33,737 - INFO - Найдено 1 устройств за последние 1 минут (UTC)
2025-09-30 12:11:23,236 - INFO - Получены данные: {'limit': 10, 'minutes': 1, 'path': '/api/devices'}
2025-09-30 12:11:23,918 - INFO - Найдено 1 устройств за последние 1 минут (UTC)
2025-09-30 12:11:34,406 - INFO - Получены данные: {'limit': 10, 'minutes': 1, 'path': '/api/devices'}
2025-09-30 12:11:35,051 - INFO - Найдено 1 устройств за последние 1 минут (UTC)
2025-09-30 12:11:47,804 - INFO - Получены данные: {'limit': 10, 'minutes': 1, 'path': '/api/devices'}
2025-09-30 12:11:48,626 - INFO - Найдено 1 устройств за последние 1 минут (UTC)
2025-09-30 12:11:50,062 - INFO - Получены данные: {'limit': 10, 'minutes': 1, 'path': '/api/devices'}
2025-09-30 12:11:50,791 - INFO - Найдено 1 устройств за последние 1 минут (UTC)
2025-09-30 12:11:52,285 - INFO - Получены данные: {'limit': 10, 'minutes': 1, 'path': '/api/devices'}
2025-09-30 12:11:52,940 - INFO - Найдено 1 устройств за последние 1 минут (UTC)
2025-09-30 12:11:54,826 - INFO - Получены данные: {'limit': 10, 'minutes': 1, 'path': '/api/devices'}
2025-09-30 12:11:55,475 - INFO - Найдено 1 устройств за последние 1 минут (UTC)
2025-09-30 12:11:59,192 - INFO - Получены данные: {'limit': 10, 'minutes': 1, 'path': '/api/devices'}
2025-09-30 12:11:59,879 - INFO - Найдено 1 устройств за последние 1 минут (UTC)
2025-09-30 12:12:01,205 - INFO - Получены данные: {'limit': 10, 'minutes': 1, 'path': '/api/devices'}
2025-09-30 12:12:02,059 - INFO - Найдено 1 устройств за последние 1 минут (UTC)
2025-09-30 12:12:04,213 - INFO - Получены данные: {'limit': 10, 'minutes': 1, 'path': '/api/devices'}
2025-09-30 12:12:04,966 - INFO - Найдено 1 устройств за последние 1 минут (UTC)
2025-09-30 12:12:11,159 - INFO - Получены данные: {'limit': 10, 'minutes': 1, 'path': '/api/devices'}
2025-09-30 12:12:11,866 - INFO - Найдено 0 устройств за последние 1 минут (UTC)
2025-09-30 12:12:13,781 - INFO - Получены данные: {'limit': 10, 'minutes': 1, 'path': '/api/devices'}
2025-09-30 12:12:14,465 - INFO - Найдено 0 устройств за последние 1 минут (UTC)
2025-09-30 12:13:18,507 - INFO - Получены данные: {'limit': 10, 'minutes': 1, 'path': '/api/devices'}
2025-09-30 12:13:19,259 - INFO - Найдено 0 устройств за последние 1 минут (UTC)
2025-09-30 12:13:20,509 - INFO - Получены данные: {'limit': 10, 'minutes': 1, 'path': '/api/devices'}
2025-09-30 12:13:21,385 - INFO - Найдено 0 устройств за последние 1 минут (UTC)
2025-09-30 12:13:22,502 - INFO - Получены данные: {'limit': 10, 'minutes': 1, 'path': '/api/devices'}
2025-09-30 12:13:23,149 - INFO - Найдено 1 устройств за последние 1 минут (UTC)
2025-09-30 12:58:40,699 - INFO - Получены данные: {'limit': 10, 'minutes': 1, 'path': '/api/devices'}
2025-09-30 12:58:41,533 - INFO - Найдено 0 устройств за последние 1 минут (UTC)
2025-09-30 12:58:42,874 - INFO - Получены данные: {'limit': 10, 'minutes': 1, 'path': '/api/devices'}
2025-09-30 12:58:43,627 - INFO - Найдено 0 устройств за последние 1 минут (UTC)
2025-09-30 12:58:44,865 - INFO - Получены данные: {'limit': 10, 'minutes': 1, 'path': '/api/devices'}
2025-09-30 12:58:45,617 - INFO - Найдено 0 устройств за последние 1 минут (UTC)
2025-09-30 12:58:46,844 - INFO - Получены данные: {'limit': 10, 'minutes': 1, 'path': '/api/devices'}
2025-09-30 12:58:47,607 - INFO - Найдено 0 устройств за последние 1 минут (UTC)
2025-09-30 12:58:48,863 - INFO - Получены данные: {'limit': 10, 'minutes': 1, 'path': '/api/devices'}
2025-09-30 12:58:49,601 - INFO - Найдено 0 устройств за последние 1 минут (UTC)
2025-09-30 12:58:50,835 - INFO - Получены данные: {'limit': 10, 'minutes': 1, 'path': '/api/devices'}
2025-09-30 12:58:51,590 - INFO - Найдено 0 устройств за последние 1 минут (UTC)
2025-09-30 12:58:52,829 - INFO - Получены данные: {'limit': 10, 'minutes': 1, 'path': '/api/devices'}
2025-09-30 12:58:53,510 - INFO - Найдено 0 устройств за последние 1 минут (UTC)
2025-09-30 12:58:54,843 - INFO - Получены данные: {'limit': 10, 'minutes': 1, 'path': '/api/devices'}
2025-09-30 12:58:55,585 - INFO - Найдено 0 устройств за последние 1 минут (UTC)
2025-09-30 12:58:56,830 - INFO - Получены данные: {'limit': 10, 'minutes': 1, 'path': '/api/devices'}
2025-09-30 12:58:57,577 - INFO - Найдено 0 устройств за последние 1 минут (UTC)
2025-09-30 12:58:58,834 - INFO - Получены данные: {'limit': 10, 'minutes': 1, 'path': '/api/devices'}
2025-09-30 12:58:59,572 - INFO - Найдено 1 устройств за последние 1 минут (UTC)
2025-09-30 13:03:20,008 - INFO - Получены данные: {'limit': 10, 'minutes': 30, 'path': '/api/devices'}
2025-09-30 13:03:20,848 - INFO - Найдено 1 устройств за последние 30 минут (UTC)
2025-09-30 13:04:15,868 - INFO - Получены данные: {'limit': 10, 'minutes': 1, 'path': '/api/devices'}
2025-09-30 13:04:16,624 - INFO - Найдено 0 устройств за последние 1 минут (UTC)
2025-09-30 13:04:17,737 - INFO - Получены данные: {'limit': 10, 'minutes': 1, 'path': '/api/devices'}
2025-09-30 13:04:18,427 - INFO - Найдено 0 устройств за последние 1 минут (UTC)
2025-09-30 13:04:19,730 - INFO - Получены данные: {'limit': 10, 'minutes': 1, 'path': '/api/devices'}
2025-09-30 13:04:20,425 - INFO - Найдено 1 устройств за последние 1 минут (UTC)
2025-09-30 13:04:20,825 - INFO - Получены данные: {'limit': 10, 'minutes': 30, 'path': '/api/devices'}
2025-09-30 13:04:21,686 - INFO - Найдено 2 устройств за последние 30 минут (UTC)
2025-09-30 13:10:03,073 - INFO - Получены данные: {'limit': 10, 'minutes': 30, 'path': '/api/devices'}
2025-09-30 13:10:03,796 - INFO - Найдено 2 устройств за последние 30 минут (UTC)
2025-09-30 13:10:09,476 - INFO - Получены данные: {'limit': 10, 'minutes': 30, 'path': '/api/devices'}
2025-09-30 13:10:10,127 - INFO - Найдено 2 устройств за последние 30 минут (UTC)
2025-09-30 13:11:44,982 - INFO - Получены данные: {'limit': 10, 'minutes': 60, 'path': '/api/devices'}
2025-09-30 13:11:45,772 - INFO - Найдено 2 устройств за последние 60 минут (UTC)
2025-09-30 13:14:57,733 - INFO - Получены данные: {'limit': 10, 'minutes': 30, 'path': '/api/devices'}
2025-09-30 13:14:58,540 - INFO - Найдено 2 устройств за последние 30 минут (UTC)
2025-09-30 13:15:20,692 - INFO - Получены данные: {'limit': 10, 'minutes': 1, 'path': '/api/devices'}
2025-09-30 13:15:21,345 - INFO - Найдено 0 устройств за последние 1 минут (UTC)
2025-09-30 13:15:22,677 - INFO - Получены данные: {'limit': 10, 'minutes': 1, 'path': '/api/devices'}
2025-09-30 13:15:23,425 - INFO - Найдено 0 устройств за последние 1 минут (UTC)
2025-09-30 13:15:24,690 - INFO - Получены данные: {'limit': 10, 'minutes': 1, 'path': '/api/devices'}
2025-09-30 13:15:25,426 - INFO - Найдено 0 устройств за последние 1 минут (UTC)
2025-09-30 13:15:26,701 - INFO - Получены данные: {'limit': 10, 'minutes': 1, 'path': '/api/devices'}
2025-09-30 13:15:27,352 - INFO - Найдено 0 устройств за последние 1 минут (UTC)
2025-09-30 13:15:28,688 - INFO - Получены данные: {'limit': 10, 'minutes': 1, 'path': '/api/devices'}
2025-09-30 13:15:29,501 - INFO - Найдено 1 устройств за последние 1 минут (UTC)
2025-09-30 13:15:29,910 - INFO - Получены данные: {'limit': 10, 'minutes': 30, 'path': '/api/devices'}
2025-09-30 13:15:30,571 - INFO - Найдено 2 устройств за последние 30 минут (UTC)
2025-09-30 13:19:38,846 - INFO - Получены данные: {'limit': 10, 'minutes': 30, 'path': '/api/devices'}
2025-09-30 13:19:39,684 - INFO - Найдено 2 устройств за последние 30 минут (UTC)
2025-09-30 13:20:00,602 - INFO - Получены данные: {'limit': 10, 'minutes': 1, 'path': '/api/devices'}
2025-09-30 13:20:01,250 - INFO - Найдено 0 устройств за последние 1 минут (UTC)
2025-09-30 13:20:02,602 - INFO - Получены данные: {'limit': 10, 'minutes': 1, 'path': '/api/devices'}
2025-09-30 13:20:03,271 - INFO - Найдено 0 устройств за последние 1 минут (UTC)
2025-09-30 13:20:04,611 - INFO - Получены данные: {'limit': 10, 'minutes': 1, 'path': '/api/devices'}
2025-09-30 13:20:05,345 - INFO - Найдено 0 устройств за последние 1 минут (UTC)
2025-09-30 13:20:06,592 - INFO - Получены данные: {'limit': 10, 'minutes': 1, 'path': '/api/devices'}
2025-09-30 13:20:07,243 - INFO - Найдено 0 устройств за последние 1 минут (UTC)
2025-09-30 13:20:08,620 - INFO - Получены данные: {'limit': 10, 'minutes': 1, 'path': '/api/devices'}
2025-09-30 13:20:09,303 - INFO - Найдено 0 устройств за последние 1 минут (UTC)
2025-09-30 13:20:10,606 - INFO - Получены данные: {'limit': 10, 'minutes': 1, 'path': '/api/devices'}
2025-09-30 13:20:11,259 - INFO - Найдено 0 устройств за последние 1 минут (UTC)
2025-09-30 13:20:12,586 - INFO - Получены данные: {'limit': 10, 'minutes': 1, 'path': '/api/devices'}
2025-09-30 13:20:13,359 - INFO - Найдено 0 устройств за последние 1 минут (UTC)
2025-09-30 13:20:14,590 - INFO - Получены данные: {'limit': 10, 'minutes': 1, 'path': '/api/devices'}
2025-09-30 13:20:15,366 - INFO - Найдено 0 устройств за последние 1 минут (UTC)
2025-09-30 13:20:16,591 - INFO - Получены данные: {'limit': 10, 'minutes': 1, 'path': '/api/devices'}
2025-09-30 13:20:17,253 - INFO - Найдено 0 устройств за последние 1 минут (UTC)
2025-09-30 13:20:18,912 - INFO - Получены данные: {'limit': 10, 'minutes': 30, 'path': '/api/devices'}
2025-09-30 13:20:19,819 - INFO - Найдено 2 устройств за последние 30 минут (UTC)
2025-09-30 13:20:35,444 - INFO - Получены данные: {'limit': 10, 'minutes': 1, 'path': '/api/devices'}
2025-09-30 13:20:36,193 - INFO - Найдено 0 устройств за последние 1 минут (UTC)
2025-09-30 13:20:37,458 - INFO - Получены данные: {'limit': 10, 'minutes': 1, 'path': '/api/devices'}
2025-09-30 13:20:38,120 - INFO - Найдено 0 устройств за последние 1 минут (UTC)
2025-09-30 13:20:39,449 - INFO - Получены данные: {'limit': 10, 'minutes': 1, 'path': '/api/devices'}
2025-09-30 13:20:40,109 - INFO - Найдено 0 устройств за последние 1 минут (UTC)
2025-09-30 13:20:41,442 - INFO - Получены данные: {'limit': 10, 'minutes': 1, 'path': '/api/devices'}
2025-09-30 13:20:42,104 - INFO - Найдено 1 устройств за последние 1 минут (UTC)
2025-09-30 13:20:42,510 - INFO - Получены данные: {'limit': 10, 'minutes': 30, 'path': '/api/devices'}
2025-09-30 13:20:43,285 - INFO - Найдено 2 устройств за последние 30 минут (UTC)
2025-09-30 13:25:19,546 - INFO - Получены данные: {'limit': 10, 'minutes': 30, 'path': '/api/devices'}
2025-09-30 13:25:20,366 - INFO - Найдено 2 устройств за последние 30 минут (UTC)
2025-09-30 13:30:19,556 - INFO - Получены данные: {'limit': 10, 'minutes': 30, 'path': '/api/devices'}
2025-09-30 13:30:20,259 - INFO - Найдено 1 устройств за последние 30 минут (UTC)
2025-09-30 13:35:19,555 - INFO - Получены данные: {'limit': 10, 'minutes': 30, 'path': '/api/devices'}
2025-09-30 13:35:20,279 - INFO - Найдено 1 устройств за последние 30 минут (UTC)
2025-09-30 13:40:19,556 - INFO - Получены данные: {'limit': 10, 'minutes': 30, 'path': '/api/devices'}
2025-09-30 13:40:20,278 - INFO - Найдено 1 устройств за последние 30 минут (UTC)
2025-09-30 13:45:19,584 - INFO - Получены данные: {'limit': 10, 'minutes': 30, 'path': '/api/devices'}
2025-09-30 13:45:20,451 - INFO - Найдено 1 устройств за последние 30 минут (UTC)
2025-09-30 13:50:19,573 - INFO - Получены данные: {'limit': 10, 'minutes': 30, 'path': '/api/devices'}
2025-09-30 13:50:20,264 - INFO - Найдено 1 устройств за последние 30 минут (UTC)
2025-09-30 13:55:47,833 - INFO - Получены данные: {'limit': 10, 'minutes': 30, 'path': '/api/devices'}
2025-09-30 13:55:48,709 - INFO - Найдено 0 устройств за последние 30 минут (UTC)
2025-09-30 14:00:47,623 - INFO - Получены данные: {'limit': 10, 'minutes': 30, 'path': '/api/devices'}
2025-09-30 14:00:48,273 - INFO - Найдено 0 устройств за последние 30 минут (UTC)
2025-09-30 14:05:47,795 - INFO - Получены данные: {'limit': 10, 'minutes': 30, 'path': '/api/devices'}
2025-09-30 14:05:48,615 - INFO - Найдено 0 устройств за последние 30 минут (UTC)
2025-09-30 14:10:47,628 - INFO - Получены данные: {'limit': 10, 'minutes': 30, 'path': '/api/devices'}
2025-09-30 14:10:48,488 - INFO - Найдено 0 устройств за последние 30 минут (UTC)
2025-09-30 14:15:47,825 - INFO - Получены данные: {'limit': 10, 'minutes': 30, 'path': '/api/devices'}
2025-09-30 14:15:48,605 - INFO - Найдено 0 устройств за последние 30 минут (UTC)
2025-09-30 14:20:47,653 - INFO - Получены данные: {'limit': 10, 'minutes': 30, 'path': '/api/devices'}
2025-09-30 14:20:48,499 - INFO - Найдено 0 устройств за последние 30 минут (UTC)
2025-09-30 14:25:19,827 - INFO - Получены данные: {'limit': 10, 'minutes': 30, 'path': '/api/devices'}
2025-09-30 14:25:20,652 - INFO - Найдено 0 устройств за последние 30 минут (UTC)
2025-09-30 14:30:47,844 - INFO - Получены данные: {'limit': 10, 'minutes': 30, 'path': '/api/devices'}
2025-09-30 14:30:48,680 - INFO - Найдено 0 устройств за последние 30 минут (UTC)
2025-09-30 14:35:19,862 - INFO - Получены данные: {'limit': 10, 'minutes': 30, 'path': '/api/devices'}
2025-09-30 14:35:20,576 - INFO - Найдено 0 устройств за последние 30 минут (UTC)
2025-09-30 14:40:47,673 - INFO - Получены данные: {'limit': 10, 'minutes': 30, 'path': '/api/devices'}
2025-09-30 14:40:48,425 - INFO - Найдено 0 устройств за последние 30 минут (UTC)
2025-10-02 11:38:05,861 - INFO - Получены данные: {'limit': 10, 'minutes': 30, 'path': '/api/devices'}
2025-10-02 11:38:06,709 - INFO - Найдено 0 устройств за последние 30 минут (UTC)
2025-10-02 11:38:36,934 - INFO - Получены данные: {'limit': 10, 'minutes': 1, 'path': '/api/devices'}
2025-10-02 11:38:37,655 - INFO - Найдено 0 устройств за последние 1 минут (UTC)
2025-10-02 11:38:38,929 - INFO - Получены данные: {'limit': 10, 'minutes': 1, 'path': '/api/devices'}
2025-10-02 11:38:39,705 - INFO - Найдено 0 устройств за последние 1 минут (UTC)
2025-10-02 11:38:40,939 - INFO - Получены данные: {'limit': 10, 'minutes': 1, 'path': '/api/devices'}
2025-10-02 11:38:41,629 - INFO - Найдено 0 устройств за последние 1 минут (UTC)
2025-10-02 11:38:42,914 - INFO - Получены данные: {'limit': 10, 'minutes': 1, 'path': '/api/devices'}
2025-10-02 11:38:43,662 - INFO - Найдено 0 устройств за последние 1 минут (UTC)
2025-10-02 11:38:44,915 - INFO - Получены данные: {'limit': 10, 'minutes': 1, 'path': '/api/devices'}
2025-10-02 11:38:45,603 - INFO - Найдено 0 устройств за последние 1 минут (UTC)
2025-10-02 11:38:46,927 - INFO - Получены данные: {'limit': 10, 'minutes': 1, 'path': '/api/devices'}
2025-10-02 11:38:47,712 - INFO - Найдено 0 устройств за последние 1 минут (UTC)
2025-10-02 11:38:48,923 - INFO - Получены данные: {'limit': 10, 'minutes': 1, 'path': '/api/devices'}
2025-10-02 11:38:49,706 - INFO - Найдено 0 устройств за последние 1 минут (UTC)
2025-10-02 11:38:50,922 - INFO - Получены данные: {'limit': 10, 'minutes': 1, 'path': '/api/devices'}
2025-10-02 11:38:51,702 - INFO - Найдено 0 устройств за последние 1 минут (UTC)
2025-10-02 11:38:52,925 - INFO - Получены данные: {'limit': 10, 'minutes': 1, 'path': '/api/devices'}
2025-10-02 11:38:53,614 - INFO - Найдено 0 устройств за последние 1 минут (UTC)
2025-10-02 11:38:54,937 - INFO - Получены данные: {'limit': 10, 'minutes': 1, 'path': '/api/devices'}
2025-10-02 11:38:55,714 - INFO - Найдено 0 устройств за последние 1 минут (UTC)
2025-10-02 11:38:56,938 - INFO - Получены данные: {'limit': 10, 'minutes': 1, 'path': '/api/devices'}
2025-10-02 11:38:57,589 - INFO - Найдено 0 устройств за последние 1 минут (UTC)
2025-10-02 11:38:58,923 - INFO - Получены данные: {'limit': 10, 'minutes': 1, 'path': '/api/devices'}
2025-10-02 11:38:59,613 - INFO - Найдено 0 устройств за последние 1 минут (UTC)
2025-10-02 11:39:00,941 - INFO - Получены данные: {'limit': 10, 'minutes': 1, 'path': '/api/devices'}
2025-10-02 11:39:01,589 - INFO - Найдено 0 устройств за последние 1 минут (UTC)
2025-10-02 11:39:02,928 - INFO - Получены данные: {'limit': 10, 'minutes': 1, 'path': '/api/devices'}
2025-10-02 11:39:03,578 - INFO - Найдено 0 устройств за последние 1 минут (UTC)
2025-10-02 11:39:04,915 - INFO - Получены данные: {'limit': 10, 'minutes': 1, 'path': '/api/devices'}
2025-10-02 11:39:05,566 - INFO - Найдено 0 устройств за последние 1 минут (UTC)
2025-10-02 11:39:06,919 - INFO - Получены данные: {'limit': 10, 'minutes': 1, 'path': '/api/devices'}
2025-10-02 11:39:07,668 - INFO - Найдено 0 устройств за последние 1 минут (UTC)
2025-10-02 11:39:08,932 - INFO - Получены данные: {'limit': 10, 'minutes': 1, 'path': '/api/devices'}
2025-10-02 11:39:09,679 - INFO - Найдено 0 устройств за последние 1 минут (UTC)
2025-10-02 11:39:10,934 - INFO - Получены данные: {'limit': 10, 'minutes': 1, 'path': '/api/devices'}
2025-10-02 11:39:11,632 - INFO - Найдено 0 устройств за последние 1 минут (UTC)
2025-10-02 11:39:12,933 - INFO - Получены данные: {'limit': 10, 'minutes': 1, 'path': '/api/devices'}
2025-10-02 11:39:13,630 - INFO - Найдено 0 устройств за последние 1 минут (UTC)
2025-10-02 11:39:14,935 - INFO - Получены данные: {'limit': 10, 'minutes': 1, 'path': '/api/devices'}
2025-10-02 11:39:15,586 - INFO - Найдено 0 устройств за последние 1 минут (UTC)
2025-10-02 11:39:16,940 - INFO - Получены данные: {'limit': 10, 'minutes': 1, 'path': '/api/devices'}
2025-10-02 11:39:17,592 - INFO - Найдено 0 устройств за последние 1 минут (UTC)
2025-10-02 11:39:18,946 - INFO - Получены данные: {'limit': 10, 'minutes': 1, 'path': '/api/devices'}
2025-10-02 11:39:19,597 - INFO - Найдено 0 устройств за последние 1 минут (UTC)
2025-10-02 11:39:20,932 - INFO - Получены данные: {'limit': 10, 'minutes': 1, 'path': '/api/devices'}
2025-10-02 11:39:21,685 - INFO - Найдено 0 устройств за последние 1 минут (UTC)
2025-10-02 11:39:22,920 - INFO - Получены данные: {'limit': 10, 'minutes': 1, 'path': '/api/devices'}
2025-10-02 11:39:23,697 - INFO - Найдено 1 устройств за последние 1 минут (UTC)
2025-10-02 11:39:24,038 - INFO - Получены данные: {'limit': 10, 'minutes': 30, 'path': '/api/devices'}
2025-10-02 11:39:24,687 - INFO - Найдено 1 устройств за последние 30 минут (UTC)
2025-10-02 11:43:06,407 - INFO - Получены данные: {'limit': 10, 'minutes': 30, 'path': '/api/devices'}
2025-10-02 11:43:07,119 - INFO - Найдено 1 устройств за последние 30 минут (UTC)
2025-10-02 11:48:06,664 - INFO - Получены данные: {'limit': 10, 'minutes': 30, 'path': '/api/devices'}
2025-10-02 11:48:07,555 - INFO - Найдено 1 устройств за последние 30 минут (UTC)
2025-10-02 11:53:06,419 - INFO - Получены данные: {'limit': 10, 'minutes': 30, 'path': '/api/devices'}
2025-10-02 11:53:07,288 - INFO - Найдено 1 устройств за последние 30 минут (UTC)
2025-10-02 11:58:05,871 - INFO - Получены данные: {'limit': 10, 'minutes': 30, 'path': '/api/devices'}
2025-10-02 11:58:06,766 - INFO - Найдено 1 устройств за последние 30 минут (UTC)
2025-10-02 12:03:06,448 - INFO - Получены данные: {'limit': 10, 'minutes': 30, 'path': '/api/devices'}
2025-10-02 12:03:07,326 - INFO - Найдено 1 устройств за последние 30 минут (UTC)
2025-10-02 12:08:06,662 - INFO - Получены данные: {'limit': 10, 'minutes': 30, 'path': '/api/devices'}
2025-10-02 12:08:07,436 - INFO - Найдено 1 устройств за последние 30 минут (UTC)
2025-10-02 12:13:58,627 - INFO - Получены данные: {'limit': 10, 'minutes': 30, 'path': '/api/devices'}
2025-10-02 12:13:59,409 - INFO - Найдено 0 устройств за последние 30 минут (UTC)
2025-10-02 12:18:58,653 - INFO - Получены данные: {'limit': 10, 'minutes': 30, 'path': '/api/devices'}
2025-10-02 12:18:59,507 - INFO - Найдено 0 устройств за последние 30 минут (UTC)
2025-10-02 12:23:58,642 - INFO - Получены данные: {'limit': 10, 'minutes': 30, 'path': '/api/devices'}
2025-10-02 12:23:59,471 - INFO - Найдено 0 устройств за последние 30 минут (UTC)
2025-10-02 12:28:58,670 - INFO - Получены данные: {'limit': 10, 'minutes': 30, 'path': '/api/devices'}
2025-10-02 12:28:59,505 - INFO - Найдено 0 устройств за последние 30 минут (UTC)
2025-10-02 12:33:58,677 - INFO - Получены данные: {'limit': 10, 'minutes': 30, 'path': '/api/devices'}
2025-10-02 12:33:59,607 - INFO - Найдено 0 устройств за последние 30 минут (UTC)
2025-10-02 12:38:05,922 - INFO - Получены данные: {'limit': 10, 'minutes': 30, 'path': '/api/devices'}
2025-10-02 12:38:06,637 - INFO - Найдено 0 устройств за последние 30 минут (UTC)
2025-10-02 12:43:58,711 - INFO - Получены данные: {'limit': 10, 'minutes': 30, 'path': '/api/devices'}
2025-10-02 12:43:59,580 - INFO - Найдено 0 устройств за последние 30 минут (UTC)
2025-10-02 12:48:58,709 - INFO - Получены данные: {'limit': 10, 'minutes': 30, 'path': '/api/devices'}
2025-10-02 12:48:59,636 - INFO - Найдено 0 устройств за последние 30 минут (UTC)
2025-10-02 12:53:58,729 - INFO - Получены данные: {'limit': 10, 'minutes': 30, 'path': '/api/devices'}
2025-10-02 12:53:59,568 - INFO - Найдено 0 устройств за последние 30 минут (UTC)
2025-10-02 12:58:58,780 - INFO - Получены данные: {'limit': 10, 'minutes': 30, 'path': '/api/devices'}
2025-10-02 12:58:59,507 - INFO - Найдено 0 устройств за последние 30 минут (UTC)
2025-10-02 13:03:58,757 - INFO - Получены данные: {'limit': 10, 'minutes': 30, 'path': '/api/devices'}
2025-10-02 13:03:59,556 - INFO - Найдено 0 устройств за последние 30 минут (UTC)
2025-10-02 13:08:58,746 - INFO - Получены данные: {'limit': 10, 'minutes': 30, 'path': '/api/devices'}
2025-10-02 13:08:59,460 - INFO - Найдено 0 устройств за последние 30 минут (UTC)
2025-10-02 13:13:58,722 - INFO - Получены данные: {'limit': 10, 'minutes': 30, 'path': '/api/devices'}
2025-10-02 13:13:59,437 - INFO - Найдено 0 устройств за последние 30 минут (UTC)
2025-10-02 13:18:58,725 - INFO - Получены данные: {'limit': 10, 'minutes': 30, 'path': '/api/devices'}
2025-10-02 13:18:59,534 - INFO - Найдено 0 устройств за последние 30 минут (UTC)
2025-10-02 13:23:58,730 - INFO - Получены данные: {'limit': 10, 'minutes': 30, 'path': '/api/devices'}
2025-10-02 13:23:59,507 - INFO - Найдено 0 устройств за последние 30 минут (UTC)
2025-10-02 13:28:58,737 - INFO - Получены данные: {'limit': 10, 'minutes': 30, 'path': '/api/devices'}
2025-10-02 13:28:59,494 - INFO - Найдено 0 устройств за последние 30 минут (UTC)
2025-10-02 13:33:58,777 - INFO - Получены данные: {'limit': 10, 'minutes': 30, 'path': '/api/devices'}
2025-10-02 13:33:59,575 - INFO - Найдено 0 устройств за последние 30 минут (UTC)
2025-10-02 13:38:58,784 - INFO - Получены данные: {'limit': 10, 'minutes': 30, 'path': '/api/devices'}
2025-10-02 13:38:59,653 - INFO - Найдено 0 устройств за последние 30 минут (UTC)
2025-10-02 13:43:58,764 - INFO - Получены данные: {'limit': 10, 'minutes': 30, 'path': '/api/devices'}
2025-10-02 13:43:59,705 - INFO - Найдено 0 устройств за последние 30 минут (UTC)
2025-10-02 13:48:58,777 - INFO - Получены данные: {'limit': 10, 'minutes': 30, 'path': '/api/devices'}
2025-10-02 13:48:59,507 - INFO - Найдено 0 устройств за последние 30 минут (UTC)
2025-10-02 13:53:58,805 - INFO - Получены данные: {'limit': 10, 'minutes': 30, 'path': '/api/devices'}
2025-10-02 13:53:59,533 - INFO - Найдено 0 устройств за последние 30 минут (UTC)
2025-10-02 13:58:58,802 - INFO - Получены данные: {'limit': 10, 'minutes': 30, 'path': '/api/devices'}
2025-10-02 13:58:59,638 - INFO - Найдено 0 устройств за последние 30 минут (UTC)
2025-10-02 14:03:58,786 - INFO - Получены данные: {'limit': 10, 'minutes': 30, 'path': '/api/devices'}
2025-10-02 14:03:59,621 - INFO - Найдено 0 устройств за последние 30 минут (UTC)
2025-10-02 14:08:58,805 - INFO - Получены данные: {'limit': 10, 'minutes': 30, 'path': '/api/devices'}
2025-10-02 14:08:59,637 - INFO - Найдено 0 устройств за последние 30 минут (UTC)
2025-10-02 14:13:06,799 - INFO - Получены данные: {'limit': 10, 'minutes': 30, 'path': '/api/devices'}
2025-10-02 14:13:07,505 - INFO - Найдено 0 устройств за последние 30 минут (UTC)
2025-10-02 14:18:58,796 - INFO - Получены данные: {'limit': 10, 'minutes': 30, 'path': '/api/devices'}
2025-10-02 14:18:59,514 - INFO - Найдено 0 устройств за последние 30 минут (UTC)
2025-10-02 14:23:58,820 - INFO - Получены данные: {'limit': 10, 'minutes': 30, 'path': '/api/devices'}
2025-10-02 14:23:59,531 - INFO - Найдено 0 устройств за последние 30 минут (UTC)
2025-10-02 14:28:58,830 - INFO - Получены данные: {'limit': 10, 'minutes': 30, 'path': '/api/devices'}
2025-10-02 14:28:59,565 - INFO - Найдено 0 устройств за последние 30 минут (UTC)
2025-10-02 14:33:58,847 - INFO - Получены данные: {'limit': 10, 'minutes': 30, 'path': '/api/devices'}
2025-10-02 14:33:59,796 - INFO - Найдено 0 устройств за последние 30 минут (UTC)
2025-10-02 14:38:58,827 - INFO - Получены данные: {'limit': 10, 'minutes': 30, 'path': '/api/devices'}
2025-10-02 14:38:59,792 - INFO - Найдено 0 устройств за последние 30 минут (UTC)
2025-10-02 14:43:58,832 - INFO - Получены данные: {'limit': 10, 'minutes': 30, 'path': '/api/devices'}
2025-10-02 14:43:59,676 - INFO - Найдено 0 устройств за последние 30 минут (UTC)
2025-10-02 14:48:58,854 - INFO - Получены данные: {'limit': 10, 'minutes': 30, 'path': '/api/devices'}
2025-10-02 14:48:59,727 - INFO - Найдено 0 устройств за последние 30 минут (UTC)
2025-10-02 14:53:58,916 - INFO - Получены данные: {'limit': 10, 'minutes': 30, 'path': '/api/devices'}
2025-10-02 14:53:59,856 - INFO - Найдено 0 устройств за последние 30 минут (UTC)
2025-10-02 14:58:58,885 - INFO - Получены данные: {'limit': 10, 'minutes': 30, 'path': '/api/devices'}
2025-10-02 14:58:59,702 - INFO - Найдено 0 устройств за последние 30 минут (UTC)
2025-10-02 15:03:58,920 - INFO - Получены данные: {'limit': 10, 'minutes': 30, 'path': '/api/devices'}
2025-10-02 15:03:59,792 - INFO - Найдено 0 устройств за последние 30 минут (UTC)
2025-10-02 15:08:58,930 - INFO - Получены данные: {'limit': 10, 'minutes': 30, 'path': '/api/devices'}
2025-10-02 15:08:59,664 - INFO - Найдено 0 устройств за последние 30 минут (UTC)
2025-10-02 15:13:58,923 - INFO - Получены данные: {'limit': 10, 'minutes': 30, 'path': '/api/devices'}
2025-10-02 15:13:59,719 - INFO - Найдено 0 устройств за последние 30 минут (UTC)
2025-10-02 15:18:25,555 - INFO - Получены данные: {'limit': 10, 'minutes': 30, 'path': '/api/devices'}
2025-10-02 15:18:26,393 - INFO - Найдено 0 устройств за последние 30 минут (UTC)
2025-10-02 15:23:58,938 - INFO - Получены данные: {'limit': 10, 'minutes': 30, 'path': '/api/devices'}
2025-10-02 15:23:59,659 - INFO - Найдено 0 устройств за последние 30 минут (UTC)
2025-10-02 15:28:59,015 - INFO - Получены данные: {'limit': 10, 'minutes': 30, 'path': '/api/devices'}
2025-10-02 15:28:59,750 - INFO - Найдено 0 устройств за последние 30 минут (UTC)
2025-10-02 15:33:58,947 - INFO - Получены данные: {'limit': 10, 'minutes': 30, 'path': '/api/devices'}
2025-10-02 15:33:59,816 - INFO - Найдено 0 устройств за последние 30 минут (UTC)
2025-10-02 15:38:58,940 - INFO - Получены данные: {'limit': 10, 'minutes': 30, 'path': '/api/devices'}
2025-10-02 15:38:59,669 - INFO - Найдено 0 устройств за последние 30 минут (UTC)
2025-10-02 15:43:58,939 - INFO - Получены данные: {'limit': 10, 'minutes': 30, 'path': '/api/devices'}
2025-10-02 15:43:59,662 - INFO - Найдено 0 устройств за последние 30 минут (UTC)
2025-10-02 15:48:58,986 - INFO - Получены данные: {'limit': 10, 'minutes': 30, 'path': '/api/devices'}
2025-10-02 15:48:59,810 - INFO - Найдено 0 устройств за последние 30 минут (UTC)
2025-10-02 15:53:58,973 - INFO - Получены данные: {'limit': 10, 'minutes': 30, 'path': '/api/devices'}
2025-10-02 15:53:59,688 - INFO - Найдено 0 устройств за последние 30 минут (UTC)
2025-10-02 15:58:58,978 - INFO - Получены данные: {'limit': 10, 'minutes': 30, 'path': '/api/devices'}
2025-10-02 15:58:59,768 - INFO - Найдено 0 устройств за последние 30 минут (UTC)
2025-10-02 16:03:58,996 - INFO - Получены данные: {'limit': 10, 'minutes': 30, 'path': '/api/devices'}
2025-10-02 16:03:59,842 - INFO - Найдено 0 устройств за последние 30 минут (UTC)
2025-10-02 16:08:58,990 - INFO - Получены данные: {'limit': 10, 'minutes': 30, 'path': '/api/devices'}
2025-10-02 16:08:59,794 - INFO - Найдено 0 устройств за последние 30 минут (UTC)
2025-10-02 16:13:58,996 - INFO - Получены данные: {'limit': 10, 'minutes': 30, 'path': '/api/devices'}
2025-10-02 16:13:59,723 - INFO - Найдено 0 устройств за последние 30 минут (UTC)
2025-10-02 16:18:59,004 - INFO - Получены данные: {'limit': 10, 'minutes': 30, 'path': '/api/devices'}
2025-10-02 16:18:59,757 - INFO - Найдено 0 устройств за последние 30 минут (UTC)
2025-10-02 16:23:58,998 - INFO - Получены данные: {'limit': 10, 'minutes': 30, 'path': '/api/devices'}
2025-10-02 16:23:59,807 - INFO - Найдено 0 устройств за последние 30 минут (UTC)
2025-10-02 16:28:59,027 - INFO - Получены данные: {'limit': 10, 'minutes': 30, 'path': '/api/devices'}
2025-10-02 16:28:59,776 - INFO - Найдено 0 устройств за последние 30 минут (UTC)
2025-10-02 16:33:59,047 - INFO - Получены данные: {'limit': 10, 'minutes': 30, 'path': '/api/devices'}
2025-10-02 16:33:59,891 - INFO - Найдено 0 устройств за последние 30 минут (UTC)
2025-10-02 16:38:59,072 - INFO - Получены данные: {'limit': 10, 'minutes': 30, 'path': '/api/devices'}
2025-10-02 16:38:59,823 - INFO - Найдено 0 устройств за последние 30 минут (UTC)
2025-10-02 16:43:59,052 - INFO - Получены данные: {'limit': 10, 'minutes': 30, 'path': '/api/devices'}
2025-10-02 16:43:59,782 - INFO - Найдено 0 устройств за последние 30 минут (UTC)
2025-10-02 16:48:59,028 - INFO - Получены данные: {'limit': 10, 'minutes': 30, 'path': '/api/devices'}
2025-10-02 16:48:59,800 - INFO - Найдено 0 устройств за последние 30 минут (UTC)
2025-10-02 16:53:59,064 - INFO - Получены данные: {'limit': 10, 'minutes': 30, 'path': '/api/devices'}
2025-10-02 16:53:59,825 - INFO - Найдено 0 устройств за последние 30 минут (UTC)
2025-10-02 16:58:59,068 - INFO - Получены данные: {'limit': 10, 'minutes': 30, 'path': '/api/devices'}
2025-10-02 16:58:59,904 - INFO - Найдено 0 устройств за последние 30 минут (UTC)
2025-10-02 17:03:59,078 - INFO - Получены данные: {'limit': 10, 'minutes': 30, 'path': '/api/devices'}
2025-10-02 17:03:59,885 - INFO - Найдено 0 устройств за последние 30 минут (UTC)
2025-10-02 17:08:59,073 - INFO - Получены данные: {'limit': 10, 'minutes': 30, 'path': '/api/devices'}
2025-10-02 17:08:59,827 - INFO - Найдено 0 устройств за последние 30 минут (UTC)
2025-10-02 17:13:59,095 - INFO - Получены данные: {'limit': 10, 'minutes': 30, 'path': '/api/devices'}
2025-10-02 17:13:59,823 - INFO - Найдено 0 устройств за последние 30 минут (UTC)
2025-10-02 17:18:59,071 - INFO - Получены данные: {'limit': 10, 'minutes': 30, 'path': '/api/devices'}
2025-10-02 17:18:59,955 - INFO - Найдено 0 устройств за последние 30 минут (UTC)
2025-10-02 17:23:59,080 - INFO - Получены данные: {'limit': 10, 'minutes': 30, 'path': '/api/devices'}
2025-10-02 17:23:59,904 - INFO - Найдено 0 устройств за последние 30 минут (UTC)
2025-10-02 17:28:59,108 - INFO - Получены данные: {'limit': 10, 'minutes': 30, 'path': '/api/devices'}
2025-10-02 17:28:59,922 - INFO - Найдено 0 устройств за последние 30 минут (UTC)
2025-10-02 17:33:13,842 - INFO - Получены данные: {'limit': 10, 'minutes': 30, 'path': '/api/devices'}
2025-10-02 17:33:14,666 - INFO - Найдено 0 устройств за последние 30 минут (UTC)
2025-10-02 17:38:59,164 - INFO - Получены данные: {'limit': 10, 'minutes': 30, 'path': '/api/devices'}
2025-10-02 17:38:59,956 - INFO - Найдено 0 устройств за последние 30 минут (UTC)
2025-10-03 15:35:41,081 - INFO - Получены данные: {'limit': 10, 'minutes': 30, 'path': '/api/devices'}
2025-10-03 15:35:41,854 - INFO - Найдено 0 устройств за последние 30 минут (UTC)
2025-10-03 15:36:03,220 - INFO - Получены данные: {'limit': 10, 'minutes': 1, 'path': '/api/devices'}
2025-10-03 15:36:03,865 - INFO - Найдено 0 устройств за последние 1 минут (UTC)
2025-10-03 15:36:04,771 - INFO - Получены данные: {'limit': 10, 'minutes': 1, 'path': '/api/devices'}
2025-10-03 15:36:05,541 - INFO - Найдено 0 устройств за последние 1 минут (UTC)
2025-10-03 15:36:06,764 - INFO - Получены данные: {'limit': 10, 'minutes': 1, 'path': '/api/devices'}
2025-10-03 15:36:07,436 - INFO - Найдено 0 устройств за последние 1 минут (UTC)
2025-10-03 15:36:08,767 - INFO - Получены данные: {'limit': 10, 'minutes': 1, 'path': '/api/devices'}
2025-10-03 15:36:09,499 - INFO - Найдено 0 устройств за последние 1 минут (UTC)
2025-10-03 15:36:10,756 - INFO - Получены данные: {'limit': 10, 'minutes': 1, 'path': '/api/devices'}
2025-10-03 15:36:11,486 - INFO - Найдено 0 устройств за последние 1 минут (UTC)
2025-10-03 15:36:12,773 - INFO - Получены данные: {'limit': 10, 'minutes': 1, 'path': '/api/devices'}
2025-10-03 15:36:13,536 - INFO - Найдено 0 устройств за последние 1 минут (UTC)
2025-10-03 15:36:16,223 - INFO - Получены данные: {'limit': 10, 'minutes': 1, 'path': '/api/devices'}
2025-10-03 15:36:16,954 - INFO - Найдено 0 устройств за последние 1 минут (UTC)
2025-10-03 15:36:17,090 - INFO - Получены данные: {'limit': 10, 'minutes': 1, 'path': '/api/devices'}
2025-10-03 15:36:17,864 - INFO - Найдено 0 устройств за последние 1 минут (UTC)
2025-10-03 15:36:18,987 - INFO - Получены данные: {'limit': 10, 'minutes': 1, 'path': '/api/devices'}
2025-10-03 15:36:19,715 - INFO - Найдено 0 устройств за последние 1 минут (UTC)
2025-10-03 15:36:27,325 - INFO - Получены данные: {'limit': 10, 'minutes': 1, 'path': '/api/devices'}
2025-10-03 15:36:28,017 - INFO - Найдено 0 устройств за последние 1 минут (UTC)
2025-10-03 15:36:28,131 - INFO - Получены данные: {'limit': 10, 'minutes': 1, 'path': '/api/devices'}
2025-10-03 15:36:28,831 - INFO - Найдено 0 устройств за последние 1 минут (UTC)
2025-10-03 15:36:28,945 - INFO - Получены данные: {'limit': 10, 'minutes': 1, 'path': '/api/devices'}
2025-10-03 15:36:29,637 - INFO - Найдено 0 устройств за последние 1 минут (UTC)
2025-10-03 15:36:29,768 - INFO - Получены данные: {'limit': 10, 'minutes': 1, 'path': '/api/devices'}
2025-10-03 15:36:30,490 - INFO - Найдено 0 устройств за последние 1 минут (UTC)
2025-10-03 15:36:30,623 - INFO - Получены данные: {'limit': 10, 'minutes': 1, 'path': '/api/devices'}
2025-10-03 15:36:31,274 - INFO - Найдено 0 устройств за последние 1 минут (UTC)
2025-10-03 15:36:31,659 - INFO - Получены данные: {'limit': 10, 'minutes': 1, 'path': '/api/devices'}
2025-10-03 15:36:32,359 - INFO - Найдено 0 устройств за последние 1 минут (UTC)
2025-10-03 15:36:33,637 - INFO - Получены данные: {'limit': 10, 'minutes': 1, 'path': '/api/devices'}
2025-10-03 15:36:34,281 - INFO - Найдено 0 устройств за последние 1 минут (UTC)
2025-10-03 15:36:35,661 - INFO - Получены данные: {'limit': 10, 'minutes': 1, 'path': '/api/devices'}
2025-10-03 15:36:36,437 - INFO - Найдено 1 устройств за последние 1 минут (UTC)
2025-10-03 15:36:36,830 - INFO - Получены данные: {'limit': 10, 'minutes': 30, 'path': '/api/devices'}
2025-10-03 15:36:37,484 - INFO - Найдено 1 устройств за последние 30 минут (UTC)
2025-10-03 15:36:51,737 - INFO - Получены данные: {'limit': 10, 'minutes': 1, 'path': '/api/devices'}
2025-10-03 15:36:52,454 - INFO - Найдено 1 устройств за последние 1 минут (UTC)
2025-10-03 15:36:53,680 - INFO - Получены данные: {'limit': 10, 'minutes': 1, 'path': '/api/devices'}
2025-10-03 15:36:54,327 - INFO - Найдено 2 устройств за последние 1 минут (UTC)
2025-10-03 15:36:54,711 - INFO - Получены данные: {'limit': 10, 'minutes': 30, 'path': '/api/devices'}
2025-10-03 15:36:55,405 - INFO - Найдено 2 устройств за последние 30 минут (UTC)
2025-10-03 15:37:09,738 - INFO - Получены данные: {'limit': 10, 'minutes': 1, 'path': '/api/devices'}
2025-10-03 15:37:10,388 - INFO - Найдено 2 устройств за последние 1 минут (UTC)
2025-10-03 15:37:10,794 - INFO - Получены данные: {'limit': 10, 'minutes': 30, 'path': '/api/devices'}
2025-10-03 15:37:11,565 - INFO - Найдено 2 устройств за последние 30 минут (UTC)
2025-10-03 15:38:57,731 - INFO - Получены данные: {'limit': 10, 'minutes': 1, 'path': '/api/devices'}
2025-10-03 15:38:58,441 - INFO - Найдено 0 устройств за последние 1 минут (UTC)
2025-10-03 15:39:01,228 - INFO - Получены данные: {'limit': 10, 'minutes': 1, 'path': '/api/devices'}
2025-10-03 15:39:01,996 - INFO - Найдено 0 устройств за последние 1 минут (UTC)
2025-10-03 15:39:02,097 - INFO - Получены данные: {'limit': 10, 'minutes': 1, 'path': '/api/devices'}
2025-10-03 15:39:02,867 - INFO - Найдено 0 устройств за последние 1 минут (UTC)
2025-10-03 15:39:03,673 - INFO - Получены данные: {'limit': 10, 'minutes': 1, 'path': '/api/devices'}
2025-10-03 15:39:04,404 - INFO - Найдено 1 устройств за последние 1 минут (UTC)
2025-10-03 15:39:04,807 - INFO - Получены данные: {'limit': 10, 'minutes': 30, 'path': '/api/devices'}
2025-10-03 15:39:05,541 - INFO - Найдено 3 устройств за последние 30 минут (UTC)
2025-10-03 15:40:41,919 - INFO - Получены данные: {'limit': 10, 'minutes': 30, 'path': '/api/devices'}
2025-10-03 15:40:42,752 - INFO - Найдено 3 устройств за последние 30 минут (UTC)
2025-10-03 15:45:41,951 - INFO - Получены данные: {'limit': 10, 'minutes': 30, 'path': '/api/devices'}
2025-10-03 15:45:42,777 - INFO - Найдено 3 устройств за последние 30 минут (UTC)
2025-10-03 15:50:41,950 - INFO - Получены данные: {'limit': 10, 'minutes': 30, 'path': '/api/devices'}
2025-10-03 15:50:42,692 - INFO - Найдено 3 устройств за последние 30 минут (UTC)
2025-10-03 15:55:41,943 - INFO - Получены данные: {'limit': 10, 'minutes': 30, 'path': '/api/devices'}
2025-10-03 15:55:42,708 - INFO - Найдено 3 устройств за последние 30 минут (UTC)
2025-10-03 16:00:41,957 - INFO - Получены данные: {'limit': 10, 'minutes': 30, 'path': '/api/devices'}
2025-10-03 16:00:42,720 - INFO - Найдено 3 устройств за последние 30 минут (UTC)
2025-10-03 16:05:41,670 - INFO - Получены данные: {'limit': 10, 'minutes': 30, 'path': '/api/devices'}
2025-10-03 16:05:42,604 - INFO - Найдено 3 устройств за последние 30 минут (UTC)
2025-10-03 16:10:55,985 - INFO - Получены данные: {'limit': 10, 'minutes': 30, 'path': '/api/devices'}
2025-10-03 16:10:56,849 - INFO - Найдено 0 устройств за последние 30 минут (UTC)
2025-10-03 16:15:55,971 - INFO - Получены данные: {'limit': 10, 'minutes': 30, 'path': '/api/devices'}
2025-10-03 16:15:56,738 - INFO - Найдено 0 устройств за последние 30 минут (UTC)
2025-10-03 16:20:55,988 - INFO - Получены данные: {'limit': 10, 'minutes': 30, 'path': '/api/devices'}
2025-10-03 16:20:56,702 - INFO - Найдено 0 устройств за последние 30 минут (UTC)
2025-10-03 16:25:56,011 - INFO - Получены данные: {'limit': 10, 'minutes': 30, 'path': '/api/devices'}
2025-10-03 16:25:56,791 - INFO - Найдено 0 устройств за последние 30 минут (UTC)
2025-10-03 16:30:56,010 - INFO - Получены данные: {'limit': 10, 'minutes': 30, 'path': '/api/devices'}
2025-10-03 16:30:56,720 - INFO - Найдено 0 устройств за последние 30 минут (UTC)
2025-10-03 16:35:56,022 - INFO - Получены данные: {'limit': 10, 'minutes': 30, 'path': '/api/devices'}
2025-10-03 16:35:56,877 - INFO - Найдено 0 устройств за последние 30 минут (UTC)
2025-10-03 16:40:56,200 - INFO - Получены данные: {'limit': 10, 'minutes': 30, 'path': '/api/devices'}
2025-10-03 16:40:57,030 - INFO - Найдено 0 устройств за последние 30 минут (UTC)
2025-10-03 16:45:56,037 - INFO - Получены данные: {'limit': 10, 'minutes': 30, 'path': '/api/devices'}
2025-10-03 16:45:56,924 - INFO - Найдено 0 устройств за последние 30 минут (UTC)
2025-10-03 16:50:56,047 - INFO - Получены данные: {'limit': 10, 'minutes': 30, 'path': '/api/devices'}
2025-10-03 16:50:56,769 - INFO - Найдено 0 устройств за последние 30 минут (UTC)
2025-10-03 16:55:42,016 - INFO - Получены данные: {'limit': 10, 'minutes': 30, 'path': '/api/devices'}
2025-10-03 16:55:42,756 - INFO - Найдено 0 устройств за последние 30 минут (UTC)
2025-10-03 17:00:56,047 - INFO - Получены данные: {'limit': 10, 'minutes': 30, 'path': '/api/devices'}
2025-10-03 17:00:56,760 - INFO - Найдено 0 устройств за последние 30 минут (UTC)
2025-10-03 17:05:56,047 - INFO - Получены данные: {'limit': 10, 'minutes': 30, 'path': '/api/devices'}
2025-10-03 17:05:56,796 - INFO - Найдено 0 устройств за последние 30 минут (UTC)
2025-10-03 17:10:56,069 - INFO - Получены данные: {'limit': 10, 'minutes': 30, 'path': '/api/devices'}
2025-10-03 17:10:56,795 - INFO - Найдено 0 устройств за последние 30 минут (UTC)
2025-10-03 17:15:56,095 - INFO - Получены данные: {'limit': 10, 'minutes': 30, 'path': '/api/devices'}
2025-10-03 17:15:56,824 - INFO - Найдено 0 устройств за последние 30 минут (UTC)
2025-10-03 17:20:56,084 - INFO - Получены данные: {'limit': 10, 'minutes': 30, 'path': '/api/devices'}
2025-10-03 17:20:56,810 - INFO - Найдено 0 устройств за последние 30 минут (UTC)
2025-10-03 17:25:56,080 - INFO - Получены данные: {'limit': 10, 'minutes': 30, 'path': '/api/devices'}
2025-10-03 17:25:56,910 - INFO - Найдено 0 устройств за последние 30 минут (UTC)
2025-10-03 17:30:56,087 - INFO - Получены данные: {'limit': 10, 'minutes': 30, 'path': '/api/devices'}
2025-10-03 17:30:57,037 - INFO - Найдено 0 устройств за последние 30 минут (UTC)
2025-10-06 09:36:39,162 - INFO - Получены данные: {'scanner_id': 'D0D7F013', 'seconds': 400, 'limit': 50}
2025-10-06 09:36:39,169 - INFO - Фильтрация по scanner_id: D0D7F013, время: 400 seconds
2025-10-06 09:36:39,169 - INFO - Найдено 0 устройств from scanner 'D0D7F013' за последние 400 seconds
2025-10-06 09:36:47,792 - INFO - Получены данные: {'scanner_id': 'D0D7F013', 'seconds': 4000, 'limit': 50}
2025-10-06 09:36:47,799 - INFO - Фильтрация по scanner_id: D0D7F013, время: 4000 seconds
2025-10-06 09:36:47,799 - INFO - Найдено 0 устройств from scanner 'D0D7F013' за последние 4000 seconds
2025-10-06 09:36:56,311 - INFO - Получены данные: {'scanner_id': 'D0D7F013', 'seconds': 4000, 'limit': 50}
2025-10-06 09:36:56,319 - INFO - Фильтрация по scanner_id: D0D7F013, время: 4000 seconds
2025-10-06 09:36:56,319 - INFO - Найдено 0 устройств from scanner 'D0D7F013' за последние 4000 seconds
2025-10-06 09:42:36,349 - INFO - Получены данные: {'scanner_id': 'D0D7F013', 'seconds': 4000, 'limit': 50}
2025-10-06 09:42:36,358 - INFO - Фильтрация по scanner_id: D0D7F013, время: 4000 seconds
2025-10-06 09:42:36,358 - INFO - Найдено 0 устройств from scanner 'D0D7F013' за последние 4000 seconds
2025-10-06 09:42:51,310 - INFO - Получены данные: {'scanner_id': 'D0D7F013', 'seconds': 4000, 'limit': 50}
2025-10-06 09:42:51,317 - INFO - Фильтрация по scanner_id: D0D7F013, время: 4000 seconds
2025-10-06 09:42:51,317 - INFO - Найдено 0 устройств from scanner 'D0D7F013' за последние 4000 seconds
2025-10-06 09:43:07,624 - INFO - Получены данные: {'scanner_id': 'D0D7F013', 'seconds': 4000, 'limit': 50}
2025-10-06 09:43:07,631 - INFO - Фильтрация по scanner_id: D0D7F013, время: 4000 seconds
2025-10-06 09:43:07,631 - INFO - Найдено 0 устройств from scanner 'D0D7F013' за последние 4000 seconds
2025-10-06 09:45:13,089 - INFO - Получены данные: {'scanner_id': 'D0D7F013', 'seconds': 4000, 'limit': 50}
2025-10-06 09:45:13,096 - INFO - Фильтрация по scanner_id: D0D7F013, время: 4000 seconds
2025-10-06 09:45:13,096 - INFO - Найдено 0 устройств from scanner 'D0D7F013' за последние 4000 seconds
2025-10-06 09:53:55,736 - INFO - Получены данные: {'scanner_id': 'D0D7F013', 'seconds': 4000, 'limit': 50}
2025-10-06 09:53:55,744 - INFO - Фильтрация по scanner_id: D0D7F013, время: 4000 seconds
2025-10-06 09:53:55,744 - INFO - Найдено 0 устройств from scanner 'D0D7F013' за последние 4000 seconds
2025-10-06 09:54:00,981 - INFO - Получены данные: {'scanner_id': 'D0D7F013', 'seconds': 4000, 'limit': 50}
2025-10-06 09:54:00,988 - INFO - Фильтрация по scanner_id: D0D7F013, время: 4000 seconds
2025-10-06 09:54:00,988 - INFO - Найдено 0 устройств from scanner 'D0D7F013' за последние 4000 seconds
2025-10-06 09:55:11,799 - INFO - Получены данные: {'scanner_id': 'D0D7F013', 'seconds': 300, 'limit': 50}
2025-10-06 09:55:11,806 - INFO - Фильтрация по scanner_id: D0D7F013, время: 300 seconds
2025-10-06 09:55:11,806 - INFO - Найдено 0 устройств from scanner 'D0D7F013' за последние 300 seconds
2025-10-06 09:55:25,540 - INFO - Получены данные: {'scanner_id': 'D0D7F013', 'seconds': 30000, 'limit': 50}
2025-10-06 09:55:25,546 - INFO - Фильтрация по scanner_id: D0D7F013, время: 30000 seconds
2025-10-06 09:55:25,547 - INFO - Найдено 6 устройств from scanner 'D0D7F013' за последние 30000 seconds
2025-10-06 09:55:38,476 - INFO - Получены данные: {'scanner_id': 'D0D7F013', 'seconds': 30000, 'limit': 50}
2025-10-06 09:55:38,483 - INFO - Фильтрация по scanner_id: D0D7F013, время: 30000 seconds
2025-10-06 09:55:38,483 - INFO - Найдено 6 устройств from scanner 'D0D7F013' за последние 30000 seconds
2025-10-06 09:55:48,765 - INFO - Получены данные: {'scanner_id': 'D0D7F013', 'seconds': 10, 'limit': 50}
2025-10-06 09:55:48,772 - INFO - Фильтрация по scanner_id: D0D7F013, время: 10 seconds
2025-10-06 09:55:48,772 - INFO - Найдено 0 устройств from scanner 'D0D7F013' за последние 10 seconds
2025-10-06 09:55:58,573 - INFO - Получены данные: {'scanner_id': 'D0D7F013', 'seconds': 10, 'limit': 50}
2025-10-06 09:55:58,582 - INFO - Фильтрация по scanner_id: D0D7F013, время: 10 seconds
2025-10-06 09:55:58,582 - INFO - Найдено 0 устройств from scanner 'D0D7F013' за последние 10 seconds
2025-10-06 09:56:01,932 - INFO - Получены данные: {'scanner_id': 'D0D7F013', 'seconds': 10, 'limit': 50}
2025-10-06 09:56:01,941 - INFO - Фильтрация по scanner_id: D0D7F013, время: 10 seconds
2025-10-06 09:56:01,941 - INFO - Найдено 0 устройств from scanner 'D0D7F013' за последние 10 seconds
2025-10-06 09:56:03,024 - INFO - Получены данные: {'scanner_id': 'D0D7F013', 'seconds': 10, 'limit': 50}
2025-10-06 09:56:03,031 - INFO - Фильтрация по scanner_id: D0D7F013, время: 10 seconds
2025-10-06 09:56:03,031 - INFO - Найдено 0 устройств from scanner 'D0D7F013' за последние 10 seconds
2025-10-06 09:56:03,848 - INFO - Получены данные: {'scanner_id': 'D0D7F013', 'seconds': 10, 'limit': 50}
2025-10-06 09:56:03,855 - INFO - Фильтрация по scanner_id: D0D7F013, время: 10 seconds
2025-10-06 09:56:03,855 - INFO - Найдено 0 устройств from scanner 'D0D7F013' за последние 10 seconds
2025-10-06 09:56:05,658 - INFO - Получены данные: {'scanner_id': 'D0D7F013', 'seconds': 10, 'limit': 50}
2025-10-06 09:56:05,667 - INFO - Фильтрация по scanner_id: D0D7F013, время: 10 seconds
2025-10-06 09:56:05,667 - INFO - Найдено 0 устройств from scanner 'D0D7F013' за последние 10 seconds
2025-10-06 09:56:14,361 - INFO - Получены данные: {'scanner_id': 'D0D7F013', 'seconds': 100, 'limit': 50}
2025-10-06 09:56:14,368 - INFO - Фильтрация по scanner_id: D0D7F013, время: 100 seconds
2025-10-06 09:56:14,368 - INFO - Найдено 0 устройств from scanner 'D0D7F013' за последние 100 seconds
2025-10-06 09:56:20,489 - INFO - Получены данные: {'scanner_id': 'D0D7F013', 'seconds': 1000, 'limit': 50}
2025-10-06 09:56:20,498 - INFO - Фильтрация по scanner_id: D0D7F013, время: 1000 seconds
2025-10-06 09:56:20,498 - INFO - Найдено 0 устройств from scanner 'D0D7F013' за последние 1000 seconds
2025-10-06 09:56:26,243 - INFO - Получены данные: {'scanner_id': 'D0D7F013', 'seconds': 10000, 'limit': 50}
2025-10-06 09:56:26,251 - INFO - Фильтрация по scanner_id: D0D7F013, время: 10000 seconds
2025-10-06 09:56:26,251 - INFO - Найдено 0 устройств from scanner 'D0D7F013' за последние 10000 seconds
2025-10-06 09:56:32,583 - INFO - Получены данные: {'scanner_id': 'D0D7F013', 'seconds': 100000, 'limit': 50}
2025-10-06 09:56:32,583 - ERROR - Параметр seconds должен быть в диапазоне 1-86400
2025-10-06 09:56:39,453 - INFO - Получены данные: {'scanner_id': 'D0D7F013', 'seconds': 10000, 'limit': 50}
2025-10-06 09:56:39,461 - INFO - Фильтрация по scanner_id: D0D7F013, время: 10000 seconds
2025-10-06 09:56:39,461 - INFO - Найдено 0 устройств from scanner 'D0D7F013' за последние 10000 seconds
2025-10-06 09:58:22,250 - INFO - Получены данные: {'scanner_id': 'D0D7F013', 'seconds': 1000, 'limit': 50}
2025-10-06 09:58:22,258 - INFO - Фильтрация по scanner_id: D0D7F013, время: 1000 seconds
2025-10-06 09:58:22,258 - INFO - Найдено 0 устройств from scanner 'D0D7F013' за последние 1000 seconds
2025-10-06 10:04:08,279 - INFO - Получены данные: {'scanner_id': 'D0D7F013', 'seconds': 1000, 'limit': 50}
2025-10-06 10:04:08,287 - INFO - Фильтрация по scanner_id: D0D7F013, время: 1000 seconds
2025-10-06 10:04:08,287 - INFO - Найдено 0 устройств from scanner 'D0D7F013' за последние 1000 seconds
2025-10-06 10:08:31,051 - INFO - Получены данные: {'scanner_id': 'D0D7F013', 'seconds': 1000, 'limit': 50}
2025-10-06 10:08:31,058 - INFO - Фильтрация по scanner_id: D0D7F013, время: 1000 seconds
2025-10-06 10:08:31,058 - INFO - Найдено 0 устройств from scanner 'D0D7F013' за последние 1000 seconds
2025-10-06 10:09:25,821 - INFO - Received data: {'scanner_id': 'D0D7F013', 'seconds': 1000, 'limit': 50}
2025-10-06 10:09:25,821 - INFO - Connecting to DB with seconds=1000, scanner_id=D0D7F013, limit=50
2025-10-06 10:09:25,827 - INFO - Executing SQL with params: seconds=1000, scanner_id=D0D7F013, limit=50
2025-10-06 10:09:25,828 - INFO - Fetching rows...
2025-10-06 10:09:25,828 - INFO - Fetched 2 rows from database
2025-10-06 10:09:25,828 - INFO - Found 2 devices from scanner 'D0D7F013' in last 1000 seconds
2025-10-06 10:09:37,359 - INFO - Received data: {'scanner_id': 'D0D7F013', 'seconds': 1000, 'limit': 50}
2025-10-06 10:09:37,359 - INFO - Connecting to DB with seconds=1000, scanner_id=D0D7F013, limit=50
2025-10-06 10:09:37,365 - INFO - Executing SQL with params: seconds=1000, scanner_id=D0D7F013, limit=50
2025-10-06 10:09:37,367 - INFO - Fetching rows...
2025-10-06 10:09:37,367 - INFO - Fetched 2 rows from database
2025-10-06 10:09:37,367 - INFO - Found 2 devices from scanner 'D0D7F013' in last 1000 seconds
2025-10-06 10:09:40,077 - INFO - Received data: {'scanner_id': 'D0D7F013', 'seconds': 1000, 'limit': 50}
2025-10-06 10:09:40,077 - INFO - Connecting to DB with seconds=1000, scanner_id=D0D7F013, limit=50
2025-10-06 10:09:40,083 - INFO - Executing SQL with params: seconds=1000, scanner_id=D0D7F013, limit=50
2025-10-06 10:09:40,084 - INFO - Fetching rows...
2025-10-06 10:09:40,084 - INFO - Fetched 2 rows from database
2025-10-06 10:09:40,084 - INFO - Found 2 devices from scanner 'D0D7F013' in last 1000 seconds
2025-10-06 10:13:40,480 - INFO - Received data: {'scanner_id': 'D0D7F013', 'seconds': 10000, 'limit': 50}
2025-10-06 10:13:40,490 - INFO - Found 7 unprocessed devices from scanner 'D0D7F013' in last 10000 seconds
2025-10-06 10:13:46,809 - INFO - Received data: {'scanner_id': 'D0D7F013', 'seconds': 10000, 'limit': 50}
2025-10-06 10:13:46,819 - INFO - Found 7 unprocessed devices from scanner 'D0D7F013' in last 10000 seconds
2025-10-06 10:14:08,653 - INFO - Received data: {'scanner_id': 'D0D7F013', 'seconds': 10000, 'limit': 50}
2025-10-06 10:14:08,660 - INFO - Found 7 unprocessed devices from scanner 'D0D7F013' in last 10000 seconds
2025-10-06 10:14:45,360 - INFO - Received data: {'scanner_id': 'D0D7F013', 'seconds': 10000, 'limit': 50}
2025-10-06 10:14:45,370 - INFO - Found 7 unprocessed devices from scanner 'D0D7F013' in last 10000 seconds
2025-10-06 10:14:46,892 - INFO - Received data: {'scanner_id': 'D0D7F013', 'seconds': 10000, 'limit': 50}
2025-10-06 10:14:46,899 - INFO - Found 7 unprocessed devices from scanner 'D0D7F013' in last 10000 seconds
2025-10-06 10:16:24,695 - INFO - Received data: {'scanner_id': 'D0D7F013', 'seconds': 10000, 'limit': 50}
2025-10-06 10:16:24,705 - INFO - Marked 7 devices as processed
2025-10-06 10:16:24,705 - INFO - Found 7 unprocessed devices from scanner 'D0D7F013' in last 10000 seconds
2025-10-06 10:16:26,901 - INFO - Received data: {'scanner_id': 'D0D7F013', 'seconds': 10000, 'limit': 50}
2025-10-06 10:16:26,909 - INFO - Found 0 unprocessed devices from scanner 'D0D7F013' in last 10000 seconds
2025-10-06 10:16:28,872 - INFO - Received data: {'scanner_id': 'D0D7F013', 'seconds': 10000, 'limit': 50}
2025-10-06 10:16:28,879 - INFO - Found 0 unprocessed devices from scanner 'D0D7F013' in last 10000 seconds
2025-10-06 10:16:30,131 - INFO - Received data: {'scanner_id': 'D0D7F013', 'seconds': 10000, 'limit': 50}
2025-10-06 10:16:30,138 - INFO - Found 0 unprocessed devices from scanner 'D0D7F013' in last 10000 seconds
2025-10-06 10:16:31,315 - INFO - Received data: {'scanner_id': 'D0D7F013', 'seconds': 10000, 'limit': 50}
2025-10-06 10:16:31,322 - INFO - Found 0 unprocessed devices from scanner 'D0D7F013' in last 10000 seconds
2025-10-06 10:16:48,503 - INFO - Received data: {'scanner_id': 'D0D7F013', 'seconds': 10, 'limit': 50}
2025-10-06 10:16:48,512 - INFO - Found 0 unprocessed devices from scanner 'D0D7F013' in last 10 seconds
2025-10-06 10:17:07,524 - INFO - Received data: {'scanner_id': 'D0D7F013', 'seconds': 10, 'limit': 50}
2025-10-06 10:17:07,535 - INFO - Marked 1 devices as processed
2025-10-06 10:17:07,535 - INFO - Found 1 unprocessed devices from scanner 'D0D7F013' in last 10 seconds
2025-10-06 10:17:18,548 - INFO - Received data: {'scanner_id': 'D0D7F013', 'seconds': 1, 'limit': 50}
2025-10-06 10:17:18,554 - INFO - Found 0 unprocessed devices from scanner 'D0D7F013' in last 1 seconds
2025-10-06 10:17:21,394 - INFO - Received data: {'scanner_id': 'D0D7F013', 'seconds': 1, 'limit': 50}
2025-10-06 10:17:21,401 - INFO - Marked 1 devices as processed
2025-10-06 10:17:21,401 - INFO - Found 1 unprocessed devices from scanner 'D0D7F013' in last 1 seconds
2025-10-06 10:17:24,735 - INFO - Received data: {'scanner_id': 'D0D7F013', 'seconds': 1, 'limit': 50}
2025-10-06 10:17:24,744 - INFO - Found 0 unprocessed devices from scanner 'D0D7F013' in last 1 seconds
2025-10-06 10:17:28,329 - INFO - Received data: {'scanner_id': 'D0D7F013', 'seconds': 1, 'limit': 50}
2025-10-06 10:17:28,341 - INFO - Marked 1 devices as processed
2025-10-06 10:17:28,341 - INFO - Found 1 unprocessed devices from scanner 'D0D7F013' in last 1 seconds
2025-10-06 10:17:41,663 - INFO - Received data: {'scanner_id': 'D0D7F013', 'seconds': 5, 'limit': 50}
2025-10-06 10:17:41,671 - INFO - Found 0 unprocessed devices from scanner 'D0D7F013' in last 5 seconds
2025-10-06 10:17:44,944 - INFO - Received data: {'scanner_id': 'D0D7F013', 'seconds': 5, 'limit': 50}
2025-10-06 10:17:44,953 - INFO - Marked 1 devices as processed
2025-10-06 10:17:44,953 - INFO - Found 1 unprocessed devices from scanner 'D0D7F013' in last 5 seconds
2025-10-06 10:18:00,734 - INFO - Received data: {'scanner_id': 'D0D7F013', 'seconds': 3, 'limit': 50}
2025-10-06 10:18:00,744 - INFO - Found 0 unprocessed devices from scanner 'D0D7F013' in last 3 seconds
2025-10-06 10:18:05,354 - INFO - Received data: {'scanner_id': 'D0D7F013', 'seconds': 3, 'limit': 50}
2025-10-06 10:18:05,365 - INFO - Marked 1 devices as processed
2025-10-06 10:18:05,365 - INFO - Found 1 unprocessed devices from scanner 'D0D7F013' in last 3 seconds
2025-10-06 10:21:45,892 - INFO - Received data: {'limit': 50, 'path': '/api/get-pending-scans', 'scanner_id': 'D0D7F013', 'seconds': 4}
2025-10-06 10:21:45,900 - INFO - Found 0 unprocessed devices from scanner 'D0D7F013' in last 4 seconds
2025-10-06 10:21:49,987 - INFO - Received data: {'limit': 50, 'path': '/api/get-pending-scans', 'scanner_id': 'D0D7F013', 'seconds': 4}
2025-10-06 10:21:49,995 - INFO - Found 0 unprocessed devices from scanner 'D0D7F013' in last 4 seconds
2025-10-06 10:21:59,272 - INFO - Received data: {'limit': 50, 'path': '/api/get-pending-scans', 'scanner_id': 'D0D7F013', 'seconds': 4}
2025-10-06 10:21:59,283 - INFO - Marked 1 devices as processed
2025-10-06 10:21:59,283 - INFO - Found 1 unprocessed devices from scanner 'D0D7F013' in last 4 seconds
2025-10-06 10:22:11,244 - INFO - Received data: {'limit': 50, 'path': '/api/get-pending-scans', 'scanner_id': 'D0D7F013', 'seconds': 4}
2025-10-06 10:22:11,251 - INFO - Found 0 unprocessed devices from scanner 'D0D7F013' in last 4 seconds
